{"/home/gryphon/Documents/project/ml-frontend/shell_vue/src/assets/images/confused-icon-6-yellow.png": {"path":"/home/gryphon/Documents/project/ml-frontend/shell_vue/src/assets/images/confused-icon-6-yellow.png","statementMap":{"0":{"start":{"line":1,"column":0},"end":{"line":1,"column":19}}},"fnMap":{},"branchMap":{},"s":{"0":1},"f":{},"b":{},"_coverageSchema":"43e27e138ebf9cfc5966b082cf9a028302ed4184","hash":"07e65512e7cc46f491b0025793d0dbd6c86809e3"}
,"/home/gryphon/Documents/project/ml-frontend/shell_vue/src/components/HelloWorld.vue": {"path":"/home/gryphon/Documents/project/ml-frontend/shell_vue/src/components/HelloWorld.vue","statementMap":{"0":{"start":{"line":35,"column":15},"end":{"line":35,"column":null}}},"fnMap":{},"branchMap":{},"s":{"0":1},"f":{},"b":{}}
,"/home/gryphon/Documents/project/ml-frontend/shell_vue/src/views/mlModels/LinearRegression.vue": {"path":"/home/gryphon/Documents/project/ml-frontend/shell_vue/src/views/mlModels/LinearRegression.vue","statementMap":{"0":{"start":{"line":156,"column":4},"end":{"line":156,"column":null}},"1":{"start":{"line":157,"column":4},"end":{"line":157,"column":null}},"2":{"start":{"line":158,"column":4},"end":{"line":158,"column":null}},"3":{"start":{"line":159,"column":4},"end":{"line":159,"column":null}},"4":{"start":{"line":161,"column":19},"end":{"line":161,"column":null}},"5":{"start":{"line":167,"column":12},"end":{"line":167,"column":18}},"6":{"start":{"line":213,"column":12},"end":{"line":213,"column":17}},"7":{"start":{"line":217,"column":16},"end":{"line":217,"column":21}},"8":{"start":{"line":219,"column":16},"end":{"line":219,"column":22}},"9":{"start":{"line":223,"column":24},"end":{"line":223,"column":29}},"10":{"start":{"line":224,"column":24},"end":{"line":224,"column":29}},"11":{"start":{"line":228,"column":24},"end":{"line":228,"column":31}},"12":{"start":{"line":231,"column":16},"end":{"line":231,"column":21}},"13":{"start":{"line":235,"column":16},"end":{"line":235,"column":21}},"14":{"start":{"line":236,"column":16},"end":{"line":236,"column":21}},"15":{"start":{"line":237,"column":26},"end":{"line":237,"column":27}},"16":{"start":{"line":238,"column":16},"end":{"line":238,"column":22}},"17":{"start":{"line":241,"column":20},"end":{"line":259,"column":null}},"18":{"start":{"line":242,"column":24},"end":{"line":242,"column":31}},"19":{"start":{"line":243,"column":24},"end":{"line":243,"column":31}},"20":{"start":{"line":244,"column":24},"end":{"line":244,"column":29}},"21":{"start":{"line":248,"column":24},"end":{"line":248,"column":29}},"22":{"start":{"line":254,"column":49},"end":{"line":254,"column":null}},"23":{"start":{"line":255,"column":24},"end":{"line":257,"column":null}},"24":{"start":{"line":255,"column":34},"end":{"line":255,"column":36}},"25":{"start":{"line":256,"column":28},"end":{"line":256,"column":33}},"26":{"start":{"line":258,"column":24},"end":{"line":258,"column":31}},"27":{"start":{"line":262,"column":20},"end":{"line":262,"column":27}},"28":{"start":{"line":264,"column":16},"end":{"line":264,"column":21}},"29":{"start":{"line":271,"column":25},"end":{"line":271,"column":null}},"30":{"start":{"line":273,"column":31},"end":{"line":273,"column":null}},"31":{"start":{"line":275,"column":26},"end":{"line":275,"column":null}},"32":{"start":{"line":276,"column":35},"end":{"line":276,"column":null}},"33":{"start":{"line":278,"column":28},"end":{"line":278,"column":null}},"34":{"start":{"line":279,"column":26},"end":{"line":279,"column":27}},"35":{"start":{"line":281,"column":16},"end":{"line":281,"column":23}},"36":{"start":{"line":282,"column":16},"end":{"line":282,"column":22}},"37":{"start":{"line":287,"column":20},"end":{"line":287,"column":27}},"38":{"start":{"line":288,"column":20},"end":{"line":288,"column":25}},"39":{"start":{"line":290,"column":20},"end":{"line":290,"column":25}},"40":{"start":{"line":292,"column":20},"end":{"line":292,"column":25}},"41":{"start":{"line":294,"column":20},"end":{"line":294,"column":25}},"42":{"start":{"line":295,"column":20},"end":{"line":295,"column":25}},"43":{"start":{"line":298,"column":20},"end":{"line":298,"column":25}},"44":{"start":{"line":301,"column":20},"end":{"line":313,"column":null}},"45":{"start":{"line":306,"column":40},"end":{"line":306,"column":null}},"46":{"start":{"line":307,"column":24},"end":{"line":309,"column":null}},"47":{"start":{"line":307,"column":37},"end":{"line":307,"column":40}},"48":{"start":{"line":308,"column":28},"end":{"line":308,"column":37}},"49":{"start":{"line":310,"column":24},"end":{"line":310,"column":29}},"50":{"start":{"line":312,"column":24},"end":{"line":312,"column":29}},"51":{"start":{"line":315,"column":20},"end":{"line":315,"column":25}},"52":{"start":{"line":325,"column":16},"end":{"line":325,"column":21}},"53":{"start":{"line":326,"column":26},"end":{"line":326,"column":34}},"54":{"start":{"line":328,"column":16},"end":{"line":330,"column":null}},"55":{"start":{"line":329,"column":20},"end":{"line":329,"column":23}},"56":{"start":{"line":335,"column":16},"end":{"line":335,"column":23}},"57":{"start":{"line":338,"column":16},"end":{"line":338,"column":21}},"58":{"start":{"line":339,"column":16},"end":{"line":339,"column":21}},"59":{"start":{"line":340,"column":16},"end":{"line":340,"column":21}},"60":{"start":{"line":350,"column":16},"end":{"line":350,"column":21}},"61":{"start":{"line":356,"column":16},"end":{"line":356,"column":21}},"62":{"start":{"line":357,"column":16},"end":{"line":357,"column":21}},"63":{"start":{"line":358,"column":16},"end":{"line":358,"column":21}},"64":{"start":{"line":363,"column":36},"end":{"line":363,"column":null}},"65":{"start":{"line":366,"column":27},"end":{"line":366,"column":null}},"66":{"start":{"line":367,"column":27},"end":{"line":367,"column":null}},"67":{"start":{"line":368,"column":16},"end":{"line":380,"column":null}},"68":{"start":{"line":368,"column":29},"end":{"line":368,"column":32}},"69":{"start":{"line":369,"column":20},"end":{"line":369,"column":33}},"70":{"start":{"line":374,"column":20},"end":{"line":376,"column":null}},"71":{"start":{"line":375,"column":24},"end":{"line":375,"column":28}},"72":{"start":{"line":377,"column":20},"end":{"line":379,"column":null}},"73":{"start":{"line":378,"column":24},"end":{"line":378,"column":28}},"74":{"start":{"line":383,"column":16},"end":{"line":383,"column":21}},"75":{"start":{"line":399,"column":16},"end":{"line":399,"column":21}},"76":{"start":{"line":444,"column":30},"end":{"line":444,"column":null}},"77":{"start":{"line":445,"column":34},"end":{"line":445,"column":null}},"78":{"start":{"line":446,"column":16},"end":{"line":449,"column":null}},"79":{"start":{"line":446,"column":29},"end":{"line":446,"column":32}},"80":{"start":{"line":447,"column":20},"end":{"line":447,"column":27}},"81":{"start":{"line":448,"column":20},"end":{"line":448,"column":31}},"82":{"start":{"line":453,"column":46},"end":{"line":453,"column":47}},"83":{"start":{"line":467,"column":47},"end":{"line":467,"column":null}},"84":{"start":{"line":508,"column":16},"end":{"line":511,"column":null}},"85":{"start":{"line":509,"column":20},"end":{"line":509,"column":25}},"86":{"start":{"line":510,"column":20},"end":{"line":510,"column":25}},"87":{"start":{"line":512,"column":16},"end":{"line":515,"column":null}},"88":{"start":{"line":513,"column":20},"end":{"line":513,"column":25}},"89":{"start":{"line":514,"column":20},"end":{"line":514,"column":25}},"90":{"start":{"line":521,"column":32},"end":{"line":521,"column":40}},"91":{"start":{"line":522,"column":15},"end":{"line":525,"column":null}},"92":{"start":{"line":522,"column":25},"end":{"line":522,"column":28}},"93":{"start":{"line":524,"column":19},"end":{"line":524,"column":29}},"94":{"start":{"line":527,"column":30},"end":{"line":527,"column":38}},"95":{"start":{"line":528,"column":15},"end":{"line":531,"column":null}},"96":{"start":{"line":528,"column":25},"end":{"line":528,"column":28}},"97":{"start":{"line":530,"column":19},"end":{"line":530,"column":27}},"98":{"start":{"line":534,"column":16},"end":{"line":534,"column":24}},"99":{"start":{"line":535,"column":16},"end":{"line":535,"column":21}}},"fnMap":{"0":{"name":"(anonymous_0)","decl":{"start":{"line":166,"column":8},"end":{"line":166,"column":12}},"loc":{"start":{"line":166,"column":15},"end":{"line":211,"column":null}}},"1":{"name":"(anonymous_1)","decl":{"start":{"line":212,"column":8},"end":{"line":212,"column":15}},"loc":{"start":{"line":212,"column":17},"end":{"line":214,"column":null}}},"2":{"name":"(anonymous_2)","decl":{"start":{"line":216,"column":12},"end":{"line":216,"column":18}},"loc":{"start":{"line":216,"column":30},"end":{"line":233,"column":null}}},"3":{"name":"(anonymous_3)","decl":{"start":{"line":222,"column":26},"end":{"line":222,"column":34}},"loc":{"start":{"line":222,"column":38},"end":{"line":225,"column":null}}},"4":{"name":"(anonymous_4)","decl":{"start":{"line":227,"column":27},"end":{"line":227,"column":32}},"loc":{"start":{"line":227,"column":36},"end":{"line":229,"column":null}}},"5":{"name":"(anonymous_5)","decl":{"start":{"line":234,"column":12},"end":{"line":234,"column":18}},"loc":{"start":{"line":234,"column":35},"end":{"line":265,"column":null}}},"6":{"name":"(anonymous_6)","decl":{"start":{"line":240,"column":22},"end":{"line":240,"column":30}},"loc":{"start":{"line":240,"column":33},"end":{"line":260,"column":null}}},"7":{"name":"(anonymous_7)","decl":{"start":{"line":261,"column":23},"end":{"line":261,"column":28}},"loc":{"start":{"line":261,"column":32},"end":{"line":263,"column":null}}},"8":{"name":"(anonymous_8)","decl":{"start":{"line":270,"column":12},"end":{"line":270,"column":18}},"loc":{"start":{"line":270,"column":30},"end":{"line":320,"column":null}}},"9":{"name":"(anonymous_9)","decl":{"start":{"line":285,"column":22},"end":{"line":285,"column":30}},"loc":{"start":{"line":285,"column":33},"end":{"line":319,"column":null}}},"10":{"name":"(anonymous_10)","decl":{"start":{"line":324,"column":12},"end":{"line":324,"column":26}},"loc":{"start":{"line":324,"column":29},"end":{"line":331,"column":null}}},"11":{"name":"(anonymous_11)","decl":{"start":{"line":334,"column":12},"end":{"line":334,"column":23}},"loc":{"start":{"line":334,"column":38},"end":{"line":359,"column":null}}},"12":{"name":"(anonymous_12)","decl":{"start":{"line":361,"column":12},"end":{"line":361,"column":29}},"loc":{"start":{"line":361,"column":54},"end":{"line":441,"column":null}}},"13":{"name":"(anonymous_13)","decl":{"start":{"line":443,"column":12},"end":{"line":443,"column":33}},"loc":{"start":{"line":443,"column":63},"end":{"line":516,"column":null}}},"14":{"name":"(anonymous_14)","decl":{"start":{"line":519,"column":12},"end":{"line":519,"column":19}},"loc":{"start":{"line":519,"column":33},"end":{"line":536,"column":null}}}},"branchMap":{"0":{"loc":{"start":{"line":241,"column":20},"end":{"line":259,"column":null}},"type":"if","locations":[{"start":{"line":241,"column":20},"end":{"line":259,"column":null}},{"start":{"line":241,"column":20},"end":{"line":259,"column":null}}]},"1":{"loc":{"start":{"line":301,"column":20},"end":{"line":313,"column":null}},"type":"if","locations":[{"start":{"line":301,"column":20},"end":{"line":313,"column":null}},{"start":{"line":301,"column":20},"end":{"line":313,"column":null}}]},"2":{"loc":{"start":{"line":328,"column":16},"end":{"line":330,"column":null}},"type":"if","locations":[{"start":{"line":328,"column":16},"end":{"line":330,"column":null}},{"start":{"line":328,"column":16},"end":{"line":330,"column":null}}]},"3":{"loc":{"start":{"line":374,"column":20},"end":{"line":376,"column":null}},"type":"if","locations":[{"start":{"line":374,"column":20},"end":{"line":376,"column":null}},{"start":{"line":374,"column":20},"end":{"line":376,"column":null}}]},"4":{"loc":{"start":{"line":377,"column":20},"end":{"line":379,"column":null}},"type":"if","locations":[{"start":{"line":377,"column":20},"end":{"line":379,"column":null}},{"start":{"line":377,"column":20},"end":{"line":379,"column":null}}]},"5":{"loc":{"start":{"line":508,"column":16},"end":{"line":511,"column":null}},"type":"if","locations":[{"start":{"line":508,"column":16},"end":{"line":511,"column":null}},{"start":{"line":508,"column":16},"end":{"line":511,"column":null}}]},"6":{"loc":{"start":{"line":512,"column":16},"end":{"line":515,"column":null}},"type":"if","locations":[{"start":{"line":512,"column":16},"end":{"line":515,"column":null}},{"start":{"line":512,"column":16},"end":{"line":515,"column":null}}]}},"s":{"0":1,"1":1,"2":1,"3":1,"4":1,"5":2,"6":2,"7":2,"8":2,"9":0,"10":0,"11":0,"12":0,"13":0,"14":0,"15":0,"16":0,"17":0,"18":0,"19":0,"20":0,"21":0,"22":0,"23":0,"24":0,"25":0,"26":0,"27":0,"28":0,"29":0,"30":0,"31":0,"32":0,"33":0,"34":0,"35":0,"36":0,"37":0,"38":0,"39":0,"40":0,"41":0,"42":0,"43":0,"44":0,"45":0,"46":0,"47":0,"48":0,"49":0,"50":0,"51":0,"52":0,"53":0,"54":0,"55":0,"56":0,"57":0,"58":0,"59":0,"60":0,"61":0,"62":0,"63":0,"64":0,"65":0,"66":0,"67":0,"68":0,"69":0,"70":0,"71":0,"72":0,"73":0,"74":0,"75":0,"76":0,"77":0,"78":0,"79":0,"80":0,"81":0,"82":0,"83":0,"84":0,"85":0,"86":0,"87":0,"88":0,"89":0,"90":0,"91":0,"92":0,"93":0,"94":0,"95":0,"96":0,"97":0,"98":0,"99":0},"f":{"0":2,"1":2,"2":2,"3":0,"4":0,"5":0,"6":0,"7":0,"8":0,"9":0,"10":0,"11":0,"12":0,"13":0,"14":0},"b":{"0":[0,0],"1":[0,0],"2":[0,0],"3":[0,0],"4":[0,0],"5":[0,0],"6":[0,0]}}
,"/home/gryphon/Documents/project/ml-frontend/shell_vue/src/views/mlModels/LinearRegressionDatasets.vue": {"path":"/home/gryphon/Documents/project/ml-frontend/shell_vue/src/views/mlModels/LinearRegressionDatasets.vue","statementMap":{"0":{"start":{"line":332,"column":4},"end":{"line":332,"column":null}},"1":{"start":{"line":333,"column":4},"end":{"line":333,"column":null}},"2":{"start":{"line":334,"column":4},"end":{"line":334,"column":null}},"3":{"start":{"line":335,"column":19},"end":{"line":335,"column":null}},"4":{"start":{"line":338,"column":12},"end":{"line":338,"column":18}},"5":{"start":{"line":369,"column":12},"end":{"line":369,"column":17}},"6":{"start":{"line":373,"column":16},"end":{"line":373,"column":21}},"7":{"start":{"line":374,"column":16},"end":{"line":374,"column":21}},"8":{"start":{"line":375,"column":16},"end":{"line":375,"column":22}},"9":{"start":{"line":378,"column":24},"end":{"line":378,"column":29}},"10":{"start":{"line":379,"column":24},"end":{"line":379,"column":29}},"11":{"start":{"line":382,"column":24},"end":{"line":382,"column":31}},"12":{"start":{"line":384,"column":16},"end":{"line":384,"column":21}},"13":{"start":{"line":387,"column":16},"end":{"line":387,"column":21}},"14":{"start":{"line":388,"column":16},"end":{"line":388,"column":21}},"15":{"start":{"line":389,"column":26},"end":{"line":389,"column":27}},"16":{"start":{"line":390,"column":16},"end":{"line":390,"column":22}},"17":{"start":{"line":394,"column":20},"end":{"line":412,"column":null}},"18":{"start":{"line":395,"column":24},"end":{"line":395,"column":29}},"19":{"start":{"line":396,"column":24},"end":{"line":396,"column":31}},"20":{"start":{"line":399,"column":24},"end":{"line":399,"column":29}},"21":{"start":{"line":400,"column":49},"end":{"line":400,"column":null}},"22":{"start":{"line":401,"column":24},"end":{"line":411,"column":null}},"23":{"start":{"line":401,"column":34},"end":{"line":401,"column":36}},"24":{"start":{"line":407,"column":43},"end":{"line":407,"column":51}},"25":{"start":{"line":408,"column":28},"end":{"line":408,"column":36}},"26":{"start":{"line":410,"column":28},"end":{"line":410,"column":33}},"27":{"start":{"line":415,"column":20},"end":{"line":415,"column":27}},"28":{"start":{"line":417,"column":16},"end":{"line":417,"column":21}},"29":{"start":{"line":420,"column":16},"end":{"line":420,"column":21}},"30":{"start":{"line":421,"column":16},"end":{"line":421,"column":21}},"31":{"start":{"line":422,"column":27},"end":{"line":422,"column":35}},"32":{"start":{"line":425,"column":31},"end":{"line":425,"column":35}},"33":{"start":{"line":426,"column":16},"end":{"line":426,"column":24}},"34":{"start":{"line":427,"column":16},"end":{"line":427,"column":24}},"35":{"start":{"line":428,"column":16},"end":{"line":428,"column":22}},"36":{"start":{"line":431,"column":36},"end":{"line":431,"column":44}},"37":{"start":{"line":433,"column":24},"end":{"line":451,"column":null}},"38":{"start":{"line":434,"column":28},"end":{"line":434,"column":32}},"39":{"start":{"line":435,"column":28},"end":{"line":435,"column":33}},"40":{"start":{"line":436,"column":28},"end":{"line":436,"column":33}},"41":{"start":{"line":437,"column":28},"end":{"line":437,"column":33}},"42":{"start":{"line":438,"column":28},"end":{"line":438,"column":33}},"43":{"start":{"line":441,"column":28},"end":{"line":441,"column":33}},"44":{"start":{"line":442,"column":28},"end":{"line":442,"column":32}},"45":{"start":{"line":443,"column":28},"end":{"line":443,"column":34}},"46":{"start":{"line":453,"column":16},"end":{"line":453,"column":21}},"47":{"start":{"line":454,"column":16},"end":{"line":454,"column":21}},"48":{"start":{"line":458,"column":16},"end":{"line":458,"column":23}},"49":{"start":{"line":459,"column":16},"end":{"line":459,"column":21}},"50":{"start":{"line":460,"column":16},"end":{"line":460,"column":21}},"51":{"start":{"line":461,"column":31},"end":{"line":461,"column":39}},"52":{"start":{"line":462,"column":35},"end":{"line":462,"column":39}},"53":{"start":{"line":463,"column":16},"end":{"line":463,"column":28}},"54":{"start":{"line":464,"column":16},"end":{"line":464,"column":28}},"55":{"start":{"line":465,"column":16},"end":{"line":465,"column":28}},"56":{"start":{"line":466,"column":16},"end":{"line":466,"column":22}},"57":{"start":{"line":469,"column":36},"end":{"line":469,"column":44}},"58":{"start":{"line":472,"column":24},"end":{"line":499,"column":null}},"59":{"start":{"line":473,"column":28},"end":{"line":473,"column":32}},"60":{"start":{"line":474,"column":28},"end":{"line":474,"column":33}},"61":{"start":{"line":479,"column":28},"end":{"line":479,"column":34}},"62":{"start":{"line":489,"column":28},"end":{"line":489,"column":33}},"63":{"start":{"line":490,"column":28},"end":{"line":490,"column":32}},"64":{"start":{"line":491,"column":28},"end":{"line":491,"column":34}},"65":{"start":{"line":501,"column":20},"end":{"line":501,"column":25}},"66":{"start":{"line":502,"column":16},"end":{"line":502,"column":21}},"67":{"start":{"line":503,"column":16},"end":{"line":503,"column":21}},"68":{"start":{"line":507,"column":16},"end":{"line":507,"column":21}},"69":{"start":{"line":508,"column":16},"end":{"line":508,"column":21}},"70":{"start":{"line":509,"column":16},"end":{"line":509,"column":21}},"71":{"start":{"line":510,"column":24},"end":{"line":510,"column":25}},"72":{"start":{"line":511,"column":16},"end":{"line":511,"column":22}},"73":{"start":{"line":514,"column":45},"end":{"line":514,"column":null}},"74":{"start":{"line":515,"column":20},"end":{"line":520,"column":null}},"75":{"start":{"line":515,"column":30},"end":{"line":515,"column":32}},"76":{"start":{"line":516,"column":24},"end":{"line":519,"column":null}},"77":{"start":{"line":517,"column":28},"end":{"line":517,"column":33}},"78":{"start":{"line":518,"column":28},"end":{"line":518,"column":33}},"79":{"start":{"line":523,"column":20},"end":{"line":523,"column":27}},"80":{"start":{"line":525,"column":16},"end":{"line":525,"column":21}},"81":{"start":{"line":529,"column":16},"end":{"line":529,"column":21}},"82":{"start":{"line":530,"column":16},"end":{"line":530,"column":23}},"83":{"start":{"line":531,"column":16},"end":{"line":531,"column":23}},"84":{"start":{"line":532,"column":28},"end":{"line":532,"column":null}},"85":{"start":{"line":533,"column":29},"end":{"line":533,"column":30}},"86":{"start":{"line":534,"column":16},"end":{"line":534,"column":22}},"87":{"start":{"line":540,"column":20},"end":{"line":568,"column":null}},"88":{"start":{"line":541,"column":24},"end":{"line":541,"column":31}},"89":{"start":{"line":544,"column":43},"end":{"line":544,"column":null}},"90":{"start":{"line":545,"column":24},"end":{"line":545,"column":31}},"91":{"start":{"line":546,"column":40},"end":{"line":546,"column":46}},"92":{"start":{"line":547,"column":37},"end":{"line":547,"column":47}},"93":{"start":{"line":547,"column":59},"end":{"line":547,"column":65}},"94":{"start":{"line":548,"column":37},"end":{"line":548,"column":null}},"95":{"start":{"line":550,"column":38},"end":{"line":550,"column":42}},"96":{"start":{"line":552,"column":24},"end":{"line":567,"column":null}},"97":{"start":{"line":552,"column":51},"end":{"line":552,"column":null}},"98":{"start":{"line":553,"column":28},"end":{"line":553,"column":37}},"99":{"start":{"line":556,"column":41},"end":{"line":556,"column":49}},"100":{"start":{"line":558,"column":28},"end":{"line":566,"column":null}},"101":{"start":{"line":559,"column":44},"end":{"line":559,"column":47}},"102":{"start":{"line":560,"column":32},"end":{"line":560,"column":36}},"103":{"start":{"line":561,"column":32},"end":{"line":561,"column":36}},"104":{"start":{"line":562,"column":32},"end":{"line":562,"column":36}},"105":{"start":{"line":563,"column":32},"end":{"line":563,"column":40}},"106":{"start":{"line":564,"column":32},"end":{"line":564,"column":36}},"107":{"start":{"line":565,"column":32},"end":{"line":565,"column":40}},"108":{"start":{"line":570,"column":16},"end":{"line":570,"column":21}},"109":{"start":{"line":573,"column":16},"end":{"line":573,"column":21}},"110":{"start":{"line":574,"column":28},"end":{"line":574,"column":null}},"111":{"start":{"line":575,"column":29},"end":{"line":575,"column":30}},"112":{"start":{"line":576,"column":16},"end":{"line":576,"column":22}},"113":{"start":{"line":579,"column":20},"end":{"line":595,"column":null}},"114":{"start":{"line":580,"column":24},"end":{"line":580,"column":31}},"115":{"start":{"line":583,"column":24},"end":{"line":583,"column":29}},"116":{"start":{"line":584,"column":24},"end":{"line":584,"column":29}},"117":{"start":{"line":585,"column":42},"end":{"line":585,"column":null}},"118":{"start":{"line":586,"column":46},"end":{"line":586,"column":52}},"119":{"start":{"line":587,"column":24},"end":{"line":587,"column":31}},"120":{"start":{"line":588,"column":24},"end":{"line":590,"column":null}},"121":{"start":{"line":588,"column":34},"end":{"line":588,"column":36}},"122":{"start":{"line":589,"column":27},"end":{"line":589,"column":32}},"123":{"start":{"line":591,"column":24},"end":{"line":591,"column":31}},"124":{"start":{"line":592,"column":24},"end":{"line":592,"column":29}},"125":{"start":{"line":593,"column":24},"end":{"line":593,"column":31}},"126":{"start":{"line":594,"column":24},"end":{"line":594,"column":29}},"127":{"start":{"line":597,"column":16},"end":{"line":597,"column":21}},"128":{"start":{"line":600,"column":16},"end":{"line":600,"column":21}},"129":{"start":{"line":602,"column":16},"end":{"line":602,"column":21}},"130":{"start":{"line":603,"column":16},"end":{"line":603,"column":21}},"131":{"start":{"line":604,"column":16},"end":{"line":604,"column":21}},"132":{"start":{"line":605,"column":16},"end":{"line":605,"column":21}},"133":{"start":{"line":606,"column":16},"end":{"line":606,"column":21}},"134":{"start":{"line":612,"column":16},"end":{"line":652,"column":null}},"135":{"start":{"line":613,"column":20},"end":{"line":613,"column":25}},"136":{"start":{"line":614,"column":20},"end":{"line":614,"column":25}},"137":{"start":{"line":615,"column":36},"end":{"line":615,"column":44}},"138":{"start":{"line":616,"column":35},"end":{"line":616,"column":null}},"139":{"start":{"line":617,"column":47},"end":{"line":617,"column":48}},"140":{"start":{"line":618,"column":42},"end":{"line":618,"column":50}},"141":{"start":{"line":619,"column":20},"end":{"line":648,"column":null}},"142":{"start":{"line":620,"column":24},"end":{"line":620,"column":30}},"143":{"start":{"line":628,"column":24},"end":{"line":628,"column":33}},"144":{"start":{"line":629,"column":24},"end":{"line":629,"column":29}},"145":{"start":{"line":630,"column":24},"end":{"line":630,"column":29}},"146":{"start":{"line":631,"column":24},"end":{"line":631,"column":29}},"147":{"start":{"line":632,"column":20},"end":{"line":632,"column":27}},"148":{"start":{"line":635,"column":20},"end":{"line":635,"column":26}},"149":{"start":{"line":644,"column":20},"end":{"line":644,"column":25}},"150":{"start":{"line":645,"column":20},"end":{"line":645,"column":25}},"151":{"start":{"line":646,"column":20},"end":{"line":646,"column":25}},"152":{"start":{"line":647,"column":20},"end":{"line":647,"column":27}},"153":{"start":{"line":651,"column":20},"end":{"line":651,"column":25}},"154":{"start":{"line":657,"column":20},"end":{"line":657,"column":25}},"155":{"start":{"line":658,"column":20},"end":{"line":658,"column":27}},"156":{"start":{"line":659,"column":20},"end":{"line":659,"column":27}},"157":{"start":{"line":660,"column":32},"end":{"line":660,"column":null}},"158":{"start":{"line":661,"column":33},"end":{"line":661,"column":34}},"159":{"start":{"line":662,"column":20},"end":{"line":662,"column":26}},"160":{"start":{"line":666,"column":24},"end":{"line":700,"column":null}},"161":{"start":{"line":667,"column":28},"end":{"line":667,"column":32}},"162":{"start":{"line":669,"column":39},"end":{"line":669,"column":null}},"163":{"start":{"line":670,"column":28},"end":{"line":670,"column":33}},"164":{"start":{"line":674,"column":28},"end":{"line":674,"column":33}},"165":{"start":{"line":675,"column":28},"end":{"line":675,"column":34}},"166":{"start":{"line":684,"column":28},"end":{"line":684,"column":32}},"167":{"start":{"line":686,"column":39},"end":{"line":686,"column":null}},"168":{"start":{"line":687,"column":28},"end":{"line":687,"column":33}},"169":{"start":{"line":692,"column":28},"end":{"line":692,"column":34}},"170":{"start":{"line":732,"column":16},"end":{"line":732,"column":21}}},"fnMap":{"0":{"name":"(anonymous_0)","decl":{"start":{"line":337,"column":8},"end":{"line":337,"column":12}},"loc":{"start":{"line":337,"column":15},"end":{"line":364,"column":null}}},"1":{"name":"(anonymous_1)","decl":{"start":{"line":368,"column":8},"end":{"line":368,"column":15}},"loc":{"start":{"line":368,"column":17},"end":{"line":370,"column":null}}},"2":{"name":"(anonymous_2)","decl":{"start":{"line":372,"column":12},"end":{"line":372,"column":18}},"loc":{"start":{"line":372,"column":30},"end":{"line":385,"column":null}}},"3":{"name":"(anonymous_3)","decl":{"start":{"line":377,"column":26},"end":{"line":377,"column":34}},"loc":{"start":{"line":377,"column":38},"end":{"line":380,"column":null}}},"4":{"name":"(anonymous_4)","decl":{"start":{"line":381,"column":27},"end":{"line":381,"column":32}},"loc":{"start":{"line":381,"column":36},"end":{"line":383,"column":null}}},"5":{"name":"(anonymous_5)","decl":{"start":{"line":386,"column":12},"end":{"line":386,"column":18}},"loc":{"start":{"line":386,"column":35},"end":{"line":418,"column":null}}},"6":{"name":"(anonymous_6)","decl":{"start":{"line":392,"column":22},"end":{"line":392,"column":30}},"loc":{"start":{"line":392,"column":33},"end":{"line":413,"column":null}}},"7":{"name":"(anonymous_7)","decl":{"start":{"line":414,"column":23},"end":{"line":414,"column":28}},"loc":{"start":{"line":414,"column":32},"end":{"line":416,"column":null}}},"8":{"name":"(anonymous_8)","decl":{"start":{"line":419,"column":12},"end":{"line":419,"column":18}},"loc":{"start":{"line":419,"column":26},"end":{"line":455,"column":null}}},"9":{"name":"(anonymous_9)","decl":{"start":{"line":430,"column":26},"end":{"line":430,"column":34}},"loc":{"start":{"line":430,"column":38},"end":{"line":452,"column":null}}},"10":{"name":"(anonymous_10)","decl":{"start":{"line":457,"column":12},"end":{"line":457,"column":18}},"loc":{"start":{"line":457,"column":53},"end":{"line":504,"column":null}}},"11":{"name":"(anonymous_11)","decl":{"start":{"line":468,"column":26},"end":{"line":468,"column":34}},"loc":{"start":{"line":468,"column":38},"end":{"line":500,"column":null}}},"12":{"name":"(anonymous_12)","decl":{"start":{"line":506,"column":12},"end":{"line":506,"column":18}},"loc":{"start":{"line":506,"column":39},"end":{"line":526,"column":null}}},"13":{"name":"(anonymous_13)","decl":{"start":{"line":513,"column":22},"end":{"line":513,"column":30}},"loc":{"start":{"line":513,"column":33},"end":{"line":521,"column":null}}},"14":{"name":"(anonymous_14)","decl":{"start":{"line":522,"column":23},"end":{"line":522,"column":28}},"loc":{"start":{"line":522,"column":32},"end":{"line":524,"column":null}}},"15":{"name":"(anonymous_15)","decl":{"start":{"line":528,"column":12},"end":{"line":528,"column":18}},"loc":{"start":{"line":528,"column":42},"end":{"line":571,"column":null}}},"16":{"name":"(anonymous_16)","decl":{"start":{"line":539,"column":22},"end":{"line":539,"column":30}},"loc":{"start":{"line":539,"column":34},"end":{"line":569,"column":null}}},"17":{"name":"(anonymous_17)","decl":{"start":{"line":547,"column":53},"end":{"line":547,"column":59}},"loc":{"start":{"line":547,"column":59},"end":{"line":547,"column":65}}},"18":{"name":"(anonymous_18)","decl":{"start":{"line":572,"column":12},"end":{"line":572,"column":18}},"loc":{"start":{"line":572,"column":35},"end":{"line":598,"column":null}}},"19":{"name":"(anonymous_19)","decl":{"start":{"line":578,"column":22},"end":{"line":578,"column":30}},"loc":{"start":{"line":578,"column":34},"end":{"line":596,"column":null}}},"20":{"name":"(anonymous_20)","decl":{"start":{"line":599,"column":12},"end":{"line":599,"column":18}},"loc":{"start":{"line":599,"column":59},"end":{"line":607,"column":null}}},"21":{"name":"(anonymous_21)","decl":{"start":{"line":610,"column":12},"end":{"line":610,"column":18}},"loc":{"start":{"line":610,"column":43},"end":{"line":654,"column":null}}},"22":{"name":"(anonymous_22)","decl":{"start":{"line":656,"column":12},"end":{"line":656,"column":18}},"loc":{"start":{"line":656,"column":41},"end":{"line":733,"column":null}}},"23":{"name":"(anonymous_23)","decl":{"start":{"line":664,"column":26},"end":{"line":664,"column":34}},"loc":{"start":{"line":664,"column":38},"end":{"line":731,"column":null}}}},"branchMap":{"0":{"loc":{"start":{"line":394,"column":20},"end":{"line":412,"column":null}},"type":"if","locations":[{"start":{"line":394,"column":20},"end":{"line":412,"column":null}},{"start":{"line":394,"column":20},"end":{"line":412,"column":null}}]},"1":{"loc":{"start":{"line":433,"column":24},"end":{"line":451,"column":null}},"type":"if","locations":[{"start":{"line":433,"column":24},"end":{"line":451,"column":null}},{"start":{"line":433,"column":24},"end":{"line":451,"column":null}}]},"2":{"loc":{"start":{"line":472,"column":24},"end":{"line":499,"column":null}},"type":"if","locations":[{"start":{"line":472,"column":24},"end":{"line":499,"column":null}},{"start":{"line":472,"column":24},"end":{"line":499,"column":null}}]},"3":{"loc":{"start":{"line":516,"column":24},"end":{"line":519,"column":null}},"type":"if","locations":[{"start":{"line":516,"column":24},"end":{"line":519,"column":null}},{"start":{"line":516,"column":24},"end":{"line":519,"column":null}}]},"4":{"loc":{"start":{"line":540,"column":20},"end":{"line":568,"column":null}},"type":"if","locations":[{"start":{"line":540,"column":20},"end":{"line":568,"column":null}},{"start":{"line":540,"column":20},"end":{"line":568,"column":null}}]},"5":{"loc":{"start":{"line":552,"column":24},"end":{"line":567,"column":null}},"type":"if","locations":[{"start":{"line":552,"column":24},"end":{"line":567,"column":null}},{"start":{"line":552,"column":24},"end":{"line":567,"column":null}}]},"6":{"loc":{"start":{"line":558,"column":28},"end":{"line":566,"column":null}},"type":"if","locations":[{"start":{"line":558,"column":28},"end":{"line":566,"column":null}},{"start":{"line":558,"column":28},"end":{"line":566,"column":null}}]},"7":{"loc":{"start":{"line":579,"column":20},"end":{"line":595,"column":null}},"type":"if","locations":[{"start":{"line":579,"column":20},"end":{"line":595,"column":null}},{"start":{"line":579,"column":20},"end":{"line":595,"column":null}}]},"8":{"loc":{"start":{"line":619,"column":20},"end":{"line":648,"column":null}},"type":"if","locations":[{"start":{"line":619,"column":20},"end":{"line":648,"column":null}},{"start":{"line":619,"column":20},"end":{"line":648,"column":null}}]}},"s":{"0":1,"1":1,"2":1,"3":1,"4":2,"5":2,"6":2,"7":2,"8":2,"9":2,"10":2,"11":0,"12":2,"13":2,"14":2,"15":2,"16":2,"17":2,"18":0,"19":0,"20":2,"21":2,"22":2,"23":2,"24":4,"25":4,"26":4,"27":0,"28":2,"29":0,"30":0,"31":0,"32":0,"33":0,"34":0,"35":0,"36":0,"37":0,"38":0,"39":0,"40":0,"41":0,"42":0,"43":0,"44":0,"45":0,"46":0,"47":0,"48":0,"49":0,"50":0,"51":0,"52":0,"53":0,"54":0,"55":0,"56":0,"57":0,"58":0,"59":0,"60":0,"61":0,"62":0,"63":0,"64":0,"65":0,"66":0,"67":0,"68":0,"69":0,"70":0,"71":0,"72":0,"73":0,"74":0,"75":0,"76":0,"77":0,"78":0,"79":0,"80":0,"81":0,"82":0,"83":0,"84":0,"85":0,"86":0,"87":0,"88":0,"89":0,"90":0,"91":0,"92":0,"93":0,"94":0,"95":0,"96":0,"97":0,"98":0,"99":0,"100":0,"101":0,"102":0,"103":0,"104":0,"105":0,"106":0,"107":0,"108":0,"109":0,"110":0,"111":0,"112":0,"113":0,"114":0,"115":0,"116":0,"117":0,"118":0,"119":0,"120":0,"121":0,"122":0,"123":0,"124":0,"125":0,"126":0,"127":0,"128":0,"129":0,"130":0,"131":0,"132":0,"133":0,"134":0,"135":0,"136":0,"137":0,"138":0,"139":0,"140":0,"141":0,"142":0,"143":0,"144":0,"145":0,"146":0,"147":0,"148":0,"149":0,"150":0,"151":0,"152":0,"153":0,"154":0,"155":0,"156":0,"157":0,"158":0,"159":0,"160":0,"161":0,"162":0,"163":0,"164":0,"165":0,"166":0,"167":0,"168":0,"169":0,"170":0},"f":{"0":2,"1":2,"2":2,"3":2,"4":0,"5":2,"6":2,"7":0,"8":0,"9":0,"10":0,"11":0,"12":0,"13":0,"14":0,"15":0,"16":0,"17":0,"18":0,"19":0,"20":0,"21":0,"22":0,"23":0},"b":{"0":[0,2],"1":[0,0],"2":[0,0],"3":[0,0],"4":[0,0],"5":[0,0],"6":[0,0],"7":[0,0],"8":[0,0]}}
,"/home/gryphon/Documents/project/ml-frontend/shell_vue/src/views/mlModels/LinearRegressionTest.vue": {"path":"/home/gryphon/Documents/project/ml-frontend/shell_vue/src/views/mlModels/LinearRegressionTest.vue","statementMap":{"0":{"start":{"line":125,"column":4},"end":{"line":125,"column":null}},"1":{"start":{"line":126,"column":4},"end":{"line":126,"column":null}},"2":{"start":{"line":127,"column":4},"end":{"line":127,"column":null}},"3":{"start":{"line":128,"column":4},"end":{"line":128,"column":null}},"4":{"start":{"line":130,"column":19},"end":{"line":130,"column":null}},"5":{"start":{"line":136,"column":12},"end":{"line":136,"column":18}},"6":{"start":{"line":183,"column":12},"end":{"line":183,"column":17}},"7":{"start":{"line":187,"column":16},"end":{"line":187,"column":21}},"8":{"start":{"line":189,"column":16},"end":{"line":189,"column":22}},"9":{"start":{"line":193,"column":24},"end":{"line":193,"column":29}},"10":{"start":{"line":194,"column":24},"end":{"line":194,"column":29}},"11":{"start":{"line":198,"column":24},"end":{"line":198,"column":31}},"12":{"start":{"line":201,"column":16},"end":{"line":201,"column":21}},"13":{"start":{"line":206,"column":31},"end":{"line":206,"column":null}},"14":{"start":{"line":207,"column":26},"end":{"line":207,"column":27}},"15":{"start":{"line":209,"column":16},"end":{"line":209,"column":22}},"16":{"start":{"line":212,"column":20},"end":{"line":237,"column":null}},"17":{"start":{"line":213,"column":24},"end":{"line":213,"column":31}},"18":{"start":{"line":216,"column":24},"end":{"line":216,"column":30}},"19":{"start":{"line":233,"column":24},"end":{"line":233,"column":31}},"20":{"start":{"line":234,"column":24},"end":{"line":234,"column":31}},"21":{"start":{"line":235,"column":24},"end":{"line":235,"column":29}},"22":{"start":{"line":240,"column":20},"end":{"line":240,"column":27}},"23":{"start":{"line":247,"column":25},"end":{"line":247,"column":null}},"24":{"start":{"line":249,"column":31},"end":{"line":249,"column":null}},"25":{"start":{"line":255,"column":35},"end":{"line":255,"column":null}},"26":{"start":{"line":256,"column":26},"end":{"line":256,"column":null}},"27":{"start":{"line":257,"column":26},"end":{"line":257,"column":27}},"28":{"start":{"line":259,"column":16},"end":{"line":259,"column":23}},"29":{"start":{"line":260,"column":16},"end":{"line":260,"column":22}},"30":{"start":{"line":265,"column":20},"end":{"line":265,"column":27}},"31":{"start":{"line":266,"column":20},"end":{"line":266,"column":25}},"32":{"start":{"line":268,"column":20},"end":{"line":268,"column":25}},"33":{"start":{"line":270,"column":20},"end":{"line":270,"column":25}},"34":{"start":{"line":272,"column":20},"end":{"line":272,"column":25}},"35":{"start":{"line":273,"column":20},"end":{"line":273,"column":25}},"36":{"start":{"line":276,"column":20},"end":{"line":276,"column":25}},"37":{"start":{"line":279,"column":20},"end":{"line":291,"column":null}},"38":{"start":{"line":284,"column":40},"end":{"line":284,"column":null}},"39":{"start":{"line":285,"column":24},"end":{"line":287,"column":null}},"40":{"start":{"line":285,"column":37},"end":{"line":285,"column":40}},"41":{"start":{"line":286,"column":28},"end":{"line":286,"column":37}},"42":{"start":{"line":288,"column":24},"end":{"line":288,"column":29}},"43":{"start":{"line":290,"column":24},"end":{"line":290,"column":29}},"44":{"start":{"line":293,"column":20},"end":{"line":293,"column":25}},"45":{"start":{"line":302,"column":16},"end":{"line":302,"column":21}},"46":{"start":{"line":303,"column":16},"end":{"line":303,"column":21}},"47":{"start":{"line":304,"column":26},"end":{"line":304,"column":27}},"48":{"start":{"line":305,"column":16},"end":{"line":305,"column":22}},"49":{"start":{"line":308,"column":20},"end":{"line":326,"column":null}},"50":{"start":{"line":309,"column":24},"end":{"line":309,"column":31}},"51":{"start":{"line":310,"column":24},"end":{"line":310,"column":31}},"52":{"start":{"line":311,"column":24},"end":{"line":311,"column":29}},"53":{"start":{"line":315,"column":24},"end":{"line":315,"column":29}},"54":{"start":{"line":321,"column":49},"end":{"line":321,"column":null}},"55":{"start":{"line":322,"column":24},"end":{"line":324,"column":null}},"56":{"start":{"line":322,"column":34},"end":{"line":322,"column":36}},"57":{"start":{"line":323,"column":28},"end":{"line":323,"column":33}},"58":{"start":{"line":325,"column":24},"end":{"line":325,"column":31}},"59":{"start":{"line":329,"column":20},"end":{"line":329,"column":27}},"60":{"start":{"line":331,"column":16},"end":{"line":331,"column":21}},"61":{"start":{"line":337,"column":16},"end":{"line":337,"column":21}},"62":{"start":{"line":338,"column":26},"end":{"line":338,"column":34}},"63":{"start":{"line":340,"column":16},"end":{"line":342,"column":null}},"64":{"start":{"line":341,"column":20},"end":{"line":341,"column":23}},"65":{"start":{"line":348,"column":16},"end":{"line":348,"column":23}},"66":{"start":{"line":351,"column":16},"end":{"line":351,"column":21}},"67":{"start":{"line":352,"column":16},"end":{"line":352,"column":21}},"68":{"start":{"line":353,"column":16},"end":{"line":353,"column":21}},"69":{"start":{"line":357,"column":16},"end":{"line":357,"column":21}},"70":{"start":{"line":358,"column":16},"end":{"line":358,"column":21}},"71":{"start":{"line":359,"column":16},"end":{"line":359,"column":21}},"72":{"start":{"line":363,"column":16},"end":{"line":363,"column":21}},"73":{"start":{"line":364,"column":16},"end":{"line":364,"column":21}},"74":{"start":{"line":368,"column":16},"end":{"line":368,"column":21}},"75":{"start":{"line":369,"column":16},"end":{"line":369,"column":21}},"76":{"start":{"line":370,"column":16},"end":{"line":370,"column":21}},"77":{"start":{"line":371,"column":16},"end":{"line":371,"column":21}},"78":{"start":{"line":376,"column":36},"end":{"line":376,"column":null}},"79":{"start":{"line":379,"column":27},"end":{"line":379,"column":null}},"80":{"start":{"line":380,"column":27},"end":{"line":380,"column":null}},"81":{"start":{"line":381,"column":16},"end":{"line":393,"column":null}},"82":{"start":{"line":381,"column":29},"end":{"line":381,"column":32}},"83":{"start":{"line":382,"column":20},"end":{"line":382,"column":33}},"84":{"start":{"line":387,"column":20},"end":{"line":389,"column":null}},"85":{"start":{"line":388,"column":24},"end":{"line":388,"column":28}},"86":{"start":{"line":390,"column":20},"end":{"line":392,"column":null}},"87":{"start":{"line":391,"column":24},"end":{"line":391,"column":28}},"88":{"start":{"line":396,"column":16},"end":{"line":396,"column":21}},"89":{"start":{"line":411,"column":16},"end":{"line":411,"column":23}},"90":{"start":{"line":414,"column":16},"end":{"line":414,"column":21}},"91":{"start":{"line":455,"column":16},"end":{"line":455,"column":23}},"92":{"start":{"line":460,"column":30},"end":{"line":460,"column":null}},"93":{"start":{"line":461,"column":34},"end":{"line":461,"column":null}},"94":{"start":{"line":462,"column":16},"end":{"line":465,"column":null}},"95":{"start":{"line":462,"column":29},"end":{"line":462,"column":32}},"96":{"start":{"line":463,"column":20},"end":{"line":463,"column":27}},"97":{"start":{"line":464,"column":20},"end":{"line":464,"column":31}},"98":{"start":{"line":469,"column":46},"end":{"line":469,"column":47}},"99":{"start":{"line":483,"column":47},"end":{"line":483,"column":null}},"100":{"start":{"line":524,"column":16},"end":{"line":527,"column":null}},"101":{"start":{"line":525,"column":20},"end":{"line":525,"column":25}},"102":{"start":{"line":526,"column":20},"end":{"line":526,"column":25}},"103":{"start":{"line":528,"column":16},"end":{"line":531,"column":null}},"104":{"start":{"line":529,"column":20},"end":{"line":529,"column":25}},"105":{"start":{"line":530,"column":20},"end":{"line":530,"column":25}},"106":{"start":{"line":537,"column":32},"end":{"line":537,"column":40}},"107":{"start":{"line":538,"column":15},"end":{"line":541,"column":null}},"108":{"start":{"line":538,"column":25},"end":{"line":538,"column":28}},"109":{"start":{"line":540,"column":19},"end":{"line":540,"column":29}},"110":{"start":{"line":543,"column":30},"end":{"line":543,"column":38}},"111":{"start":{"line":544,"column":15},"end":{"line":547,"column":null}},"112":{"start":{"line":544,"column":25},"end":{"line":544,"column":28}},"113":{"start":{"line":546,"column":19},"end":{"line":546,"column":27}},"114":{"start":{"line":550,"column":16},"end":{"line":550,"column":24}},"115":{"start":{"line":551,"column":16},"end":{"line":551,"column":21}}},"fnMap":{"0":{"name":"(anonymous_0)","decl":{"start":{"line":135,"column":8},"end":{"line":135,"column":12}},"loc":{"start":{"line":135,"column":15},"end":{"line":181,"column":null}}},"1":{"name":"(anonymous_1)","decl":{"start":{"line":182,"column":8},"end":{"line":182,"column":15}},"loc":{"start":{"line":182,"column":17},"end":{"line":184,"column":null}}},"2":{"name":"(anonymous_2)","decl":{"start":{"line":186,"column":12},"end":{"line":186,"column":18}},"loc":{"start":{"line":186,"column":30},"end":{"line":203,"column":null}}},"3":{"name":"(anonymous_3)","decl":{"start":{"line":192,"column":26},"end":{"line":192,"column":34}},"loc":{"start":{"line":192,"column":38},"end":{"line":195,"column":null}}},"4":{"name":"(anonymous_4)","decl":{"start":{"line":197,"column":27},"end":{"line":197,"column":32}},"loc":{"start":{"line":197,"column":36},"end":{"line":199,"column":null}}},"5":{"name":"(anonymous_5)","decl":{"start":{"line":205,"column":12},"end":{"line":205,"column":18}},"loc":{"start":{"line":205,"column":37},"end":{"line":243,"column":null}}},"6":{"name":"(anonymous_6)","decl":{"start":{"line":211,"column":22},"end":{"line":211,"column":30}},"loc":{"start":{"line":211,"column":33},"end":{"line":238,"column":null}}},"7":{"name":"(anonymous_7)","decl":{"start":{"line":239,"column":23},"end":{"line":239,"column":28}},"loc":{"start":{"line":239,"column":32},"end":{"line":241,"column":null}}},"8":{"name":"(anonymous_8)","decl":{"start":{"line":246,"column":12},"end":{"line":246,"column":18}},"loc":{"start":{"line":246,"column":30},"end":{"line":299,"column":null}}},"9":{"name":"(anonymous_9)","decl":{"start":{"line":263,"column":22},"end":{"line":263,"column":30}},"loc":{"start":{"line":263,"column":33},"end":{"line":297,"column":null}}},"10":{"name":"(anonymous_10)","decl":{"start":{"line":301,"column":12},"end":{"line":301,"column":18}},"loc":{"start":{"line":301,"column":38},"end":{"line":332,"column":null}}},"11":{"name":"(anonymous_11)","decl":{"start":{"line":307,"column":22},"end":{"line":307,"column":30}},"loc":{"start":{"line":307,"column":33},"end":{"line":327,"column":null}}},"12":{"name":"(anonymous_12)","decl":{"start":{"line":328,"column":23},"end":{"line":328,"column":28}},"loc":{"start":{"line":328,"column":32},"end":{"line":330,"column":null}}},"13":{"name":"(anonymous_13)","decl":{"start":{"line":336,"column":12},"end":{"line":336,"column":26}},"loc":{"start":{"line":336,"column":29},"end":{"line":344,"column":null}}},"14":{"name":"(anonymous_14)","decl":{"start":{"line":347,"column":12},"end":{"line":347,"column":23}},"loc":{"start":{"line":347,"column":38},"end":{"line":372,"column":null}}},"15":{"name":"(anonymous_15)","decl":{"start":{"line":374,"column":12},"end":{"line":374,"column":29}},"loc":{"start":{"line":374,"column":54},"end":{"line":457,"column":null}}},"16":{"name":"(anonymous_16)","decl":{"start":{"line":459,"column":12},"end":{"line":459,"column":33}},"loc":{"start":{"line":459,"column":63},"end":{"line":532,"column":null}}},"17":{"name":"(anonymous_17)","decl":{"start":{"line":535,"column":12},"end":{"line":535,"column":19}},"loc":{"start":{"line":535,"column":33},"end":{"line":552,"column":null}}}},"branchMap":{"0":{"loc":{"start":{"line":212,"column":20},"end":{"line":237,"column":null}},"type":"if","locations":[{"start":{"line":212,"column":20},"end":{"line":237,"column":null}},{"start":{"line":212,"column":20},"end":{"line":237,"column":null}}]},"1":{"loc":{"start":{"line":279,"column":20},"end":{"line":291,"column":null}},"type":"if","locations":[{"start":{"line":279,"column":20},"end":{"line":291,"column":null}},{"start":{"line":279,"column":20},"end":{"line":291,"column":null}}]},"2":{"loc":{"start":{"line":308,"column":20},"end":{"line":326,"column":null}},"type":"if","locations":[{"start":{"line":308,"column":20},"end":{"line":326,"column":null}},{"start":{"line":308,"column":20},"end":{"line":326,"column":null}}]},"3":{"loc":{"start":{"line":340,"column":16},"end":{"line":342,"column":null}},"type":"if","locations":[{"start":{"line":340,"column":16},"end":{"line":342,"column":null}},{"start":{"line":340,"column":16},"end":{"line":342,"column":null}}]},"4":{"loc":{"start":{"line":387,"column":20},"end":{"line":389,"column":null}},"type":"if","locations":[{"start":{"line":387,"column":20},"end":{"line":389,"column":null}},{"start":{"line":387,"column":20},"end":{"line":389,"column":null}}]},"5":{"loc":{"start":{"line":390,"column":20},"end":{"line":392,"column":null}},"type":"if","locations":[{"start":{"line":390,"column":20},"end":{"line":392,"column":null}},{"start":{"line":390,"column":20},"end":{"line":392,"column":null}}]},"6":{"loc":{"start":{"line":524,"column":16},"end":{"line":527,"column":null}},"type":"if","locations":[{"start":{"line":524,"column":16},"end":{"line":527,"column":null}},{"start":{"line":524,"column":16},"end":{"line":527,"column":null}}]},"7":{"loc":{"start":{"line":528,"column":16},"end":{"line":531,"column":null}},"type":"if","locations":[{"start":{"line":528,"column":16},"end":{"line":531,"column":null}},{"start":{"line":528,"column":16},"end":{"line":531,"column":null}}]}},"s":{"0":1,"1":1,"2":1,"3":1,"4":1,"5":3,"6":3,"7":3,"8":3,"9":0,"10":0,"11":0,"12":0,"13":0,"14":0,"15":0,"16":0,"17":0,"18":0,"19":0,"20":0,"21":0,"22":0,"23":0,"24":0,"25":0,"26":0,"27":0,"28":0,"29":0,"30":0,"31":0,"32":0,"33":0,"34":0,"35":0,"36":0,"37":0,"38":0,"39":0,"40":0,"41":0,"42":0,"43":0,"44":0,"45":0,"46":0,"47":0,"48":0,"49":0,"50":0,"51":0,"52":0,"53":0,"54":0,"55":0,"56":0,"57":0,"58":0,"59":0,"60":0,"61":0,"62":0,"63":0,"64":0,"65":0,"66":0,"67":0,"68":0,"69":0,"70":0,"71":0,"72":0,"73":0,"74":0,"75":0,"76":0,"77":0,"78":0,"79":0,"80":0,"81":0,"82":0,"83":0,"84":0,"85":0,"86":0,"87":0,"88":0,"89":0,"90":0,"91":0,"92":0,"93":0,"94":0,"95":0,"96":0,"97":0,"98":0,"99":0,"100":0,"101":0,"102":0,"103":0,"104":0,"105":0,"106":0,"107":0,"108":0,"109":0,"110":0,"111":0,"112":0,"113":0,"114":0,"115":0},"f":{"0":3,"1":3,"2":3,"3":0,"4":0,"5":0,"6":0,"7":0,"8":0,"9":0,"10":0,"11":0,"12":0,"13":0,"14":0,"15":0,"16":0,"17":0},"b":{"0":[0,0],"1":[0,0],"2":[0,0],"3":[0,0],"4":[0,0],"5":[0,0],"6":[0,0],"7":[0,0]}}
}
