{"/home/gryphon/Documents/sdp/ml-frontend/shell_vue/src/assets/images/confused-icon-6-yellow.png": {"path":"/home/gryphon/Documents/sdp/ml-frontend/shell_vue/src/assets/images/confused-icon-6-yellow.png","statementMap":{"0":{"start":{"line":1,"column":0},"end":{"line":1,"column":19}}},"fnMap":{},"branchMap":{},"s":{"0":1},"f":{},"b":{},"_coverageSchema":"43e27e138ebf9cfc5966b082cf9a028302ed4184","hash":"09a6e52dc591f2f1207baaacc04392f8ae311012"}
,"/home/gryphon/Documents/sdp/ml-frontend/shell_vue/src/components/HelloWorld.vue": {"path":"/home/gryphon/Documents/sdp/ml-frontend/shell_vue/src/components/HelloWorld.vue","statementMap":{"0":{"start":{"line":35,"column":15},"end":{"line":35,"column":null}}},"fnMap":{},"branchMap":{},"s":{"0":1},"f":{},"b":{}}
,"/home/gryphon/Documents/sdp/ml-frontend/shell_vue/src/views/mlModels/LinearRegression.vue": {"path":"/home/gryphon/Documents/sdp/ml-frontend/shell_vue/src/views/mlModels/LinearRegression.vue","statementMap":{"0":{"start":{"line":124,"column":4},"end":{"line":124,"column":null}},"1":{"start":{"line":125,"column":4},"end":{"line":125,"column":null}},"2":{"start":{"line":126,"column":4},"end":{"line":126,"column":null}},"3":{"start":{"line":127,"column":4},"end":{"line":127,"column":null}},"4":{"start":{"line":129,"column":19},"end":{"line":129,"column":null}},"5":{"start":{"line":135,"column":12},"end":{"line":135,"column":18}},"6":{"start":{"line":182,"column":12},"end":{"line":182,"column":17}},"7":{"start":{"line":186,"column":16},"end":{"line":186,"column":21}},"8":{"start":{"line":188,"column":16},"end":{"line":188,"column":22}},"9":{"start":{"line":192,"column":24},"end":{"line":192,"column":29}},"10":{"start":{"line":193,"column":24},"end":{"line":193,"column":29}},"11":{"start":{"line":197,"column":24},"end":{"line":197,"column":31}},"12":{"start":{"line":200,"column":16},"end":{"line":200,"column":21}},"13":{"start":{"line":204,"column":16},"end":{"line":204,"column":21}},"14":{"start":{"line":205,"column":16},"end":{"line":205,"column":21}},"15":{"start":{"line":206,"column":26},"end":{"line":206,"column":27}},"16":{"start":{"line":207,"column":16},"end":{"line":207,"column":22}},"17":{"start":{"line":210,"column":20},"end":{"line":227,"column":null}},"18":{"start":{"line":211,"column":24},"end":{"line":211,"column":31}},"19":{"start":{"line":212,"column":24},"end":{"line":212,"column":31}},"20":{"start":{"line":213,"column":24},"end":{"line":213,"column":29}},"21":{"start":{"line":217,"column":24},"end":{"line":217,"column":29}},"22":{"start":{"line":223,"column":49},"end":{"line":223,"column":null}},"23":{"start":{"line":224,"column":24},"end":{"line":226,"column":null}},"24":{"start":{"line":224,"column":34},"end":{"line":224,"column":36}},"25":{"start":{"line":225,"column":28},"end":{"line":225,"column":33}},"26":{"start":{"line":230,"column":20},"end":{"line":230,"column":27}},"27":{"start":{"line":232,"column":16},"end":{"line":232,"column":21}},"28":{"start":{"line":239,"column":25},"end":{"line":239,"column":null}},"29":{"start":{"line":241,"column":31},"end":{"line":241,"column":null}},"30":{"start":{"line":243,"column":26},"end":{"line":243,"column":null}},"31":{"start":{"line":244,"column":35},"end":{"line":244,"column":null}},"32":{"start":{"line":246,"column":28},"end":{"line":246,"column":null}},"33":{"start":{"line":247,"column":26},"end":{"line":247,"column":27}},"34":{"start":{"line":249,"column":16},"end":{"line":249,"column":23}},"35":{"start":{"line":250,"column":16},"end":{"line":250,"column":22}},"36":{"start":{"line":255,"column":20},"end":{"line":255,"column":27}},"37":{"start":{"line":256,"column":20},"end":{"line":256,"column":25}},"38":{"start":{"line":258,"column":20},"end":{"line":258,"column":25}},"39":{"start":{"line":260,"column":20},"end":{"line":260,"column":25}},"40":{"start":{"line":262,"column":20},"end":{"line":262,"column":25}},"41":{"start":{"line":263,"column":20},"end":{"line":263,"column":25}},"42":{"start":{"line":266,"column":20},"end":{"line":266,"column":25}},"43":{"start":{"line":269,"column":20},"end":{"line":281,"column":null}},"44":{"start":{"line":274,"column":40},"end":{"line":274,"column":null}},"45":{"start":{"line":275,"column":24},"end":{"line":277,"column":null}},"46":{"start":{"line":275,"column":37},"end":{"line":275,"column":40}},"47":{"start":{"line":276,"column":28},"end":{"line":276,"column":37}},"48":{"start":{"line":278,"column":24},"end":{"line":278,"column":29}},"49":{"start":{"line":280,"column":24},"end":{"line":280,"column":29}},"50":{"start":{"line":283,"column":20},"end":{"line":283,"column":25}},"51":{"start":{"line":293,"column":16},"end":{"line":293,"column":21}},"52":{"start":{"line":294,"column":26},"end":{"line":294,"column":34}},"53":{"start":{"line":296,"column":16},"end":{"line":298,"column":null}},"54":{"start":{"line":297,"column":20},"end":{"line":297,"column":23}},"55":{"start":{"line":303,"column":16},"end":{"line":303,"column":23}},"56":{"start":{"line":306,"column":16},"end":{"line":306,"column":21}},"57":{"start":{"line":307,"column":16},"end":{"line":307,"column":21}},"58":{"start":{"line":308,"column":16},"end":{"line":308,"column":21}},"59":{"start":{"line":312,"column":16},"end":{"line":312,"column":21}},"60":{"start":{"line":313,"column":16},"end":{"line":313,"column":21}},"61":{"start":{"line":314,"column":16},"end":{"line":314,"column":21}},"62":{"start":{"line":318,"column":16},"end":{"line":318,"column":21}},"63":{"start":{"line":319,"column":16},"end":{"line":319,"column":21}},"64":{"start":{"line":323,"column":16},"end":{"line":323,"column":21}},"65":{"start":{"line":324,"column":16},"end":{"line":324,"column":21}},"66":{"start":{"line":325,"column":16},"end":{"line":325,"column":21}},"67":{"start":{"line":326,"column":16},"end":{"line":326,"column":21}},"68":{"start":{"line":331,"column":36},"end":{"line":331,"column":null}},"69":{"start":{"line":334,"column":27},"end":{"line":334,"column":null}},"70":{"start":{"line":335,"column":27},"end":{"line":335,"column":null}},"71":{"start":{"line":336,"column":16},"end":{"line":348,"column":null}},"72":{"start":{"line":336,"column":29},"end":{"line":336,"column":32}},"73":{"start":{"line":337,"column":20},"end":{"line":337,"column":33}},"74":{"start":{"line":342,"column":20},"end":{"line":344,"column":null}},"75":{"start":{"line":343,"column":24},"end":{"line":343,"column":28}},"76":{"start":{"line":345,"column":20},"end":{"line":347,"column":null}},"77":{"start":{"line":346,"column":24},"end":{"line":346,"column":28}},"78":{"start":{"line":351,"column":16},"end":{"line":351,"column":21}},"79":{"start":{"line":367,"column":16},"end":{"line":367,"column":21}},"80":{"start":{"line":412,"column":30},"end":{"line":412,"column":null}},"81":{"start":{"line":413,"column":34},"end":{"line":413,"column":null}},"82":{"start":{"line":414,"column":16},"end":{"line":417,"column":null}},"83":{"start":{"line":414,"column":29},"end":{"line":414,"column":32}},"84":{"start":{"line":415,"column":20},"end":{"line":415,"column":27}},"85":{"start":{"line":416,"column":20},"end":{"line":416,"column":31}},"86":{"start":{"line":421,"column":46},"end":{"line":421,"column":47}},"87":{"start":{"line":435,"column":47},"end":{"line":435,"column":null}},"88":{"start":{"line":476,"column":16},"end":{"line":479,"column":null}},"89":{"start":{"line":477,"column":20},"end":{"line":477,"column":25}},"90":{"start":{"line":478,"column":20},"end":{"line":478,"column":25}},"91":{"start":{"line":480,"column":16},"end":{"line":483,"column":null}},"92":{"start":{"line":481,"column":20},"end":{"line":481,"column":25}},"93":{"start":{"line":482,"column":20},"end":{"line":482,"column":25}}},"fnMap":{"0":{"name":"(anonymous_0)","decl":{"start":{"line":134,"column":8},"end":{"line":134,"column":12}},"loc":{"start":{"line":134,"column":15},"end":{"line":180,"column":null}}},"1":{"name":"(anonymous_1)","decl":{"start":{"line":181,"column":8},"end":{"line":181,"column":15}},"loc":{"start":{"line":181,"column":17},"end":{"line":183,"column":null}}},"2":{"name":"(anonymous_2)","decl":{"start":{"line":185,"column":12},"end":{"line":185,"column":18}},"loc":{"start":{"line":185,"column":30},"end":{"line":202,"column":null}}},"3":{"name":"(anonymous_3)","decl":{"start":{"line":191,"column":26},"end":{"line":191,"column":34}},"loc":{"start":{"line":191,"column":38},"end":{"line":194,"column":null}}},"4":{"name":"(anonymous_4)","decl":{"start":{"line":196,"column":27},"end":{"line":196,"column":32}},"loc":{"start":{"line":196,"column":36},"end":{"line":198,"column":null}}},"5":{"name":"(anonymous_5)","decl":{"start":{"line":203,"column":12},"end":{"line":203,"column":18}},"loc":{"start":{"line":203,"column":35},"end":{"line":233,"column":null}}},"6":{"name":"(anonymous_6)","decl":{"start":{"line":209,"column":22},"end":{"line":209,"column":30}},"loc":{"start":{"line":209,"column":33},"end":{"line":228,"column":null}}},"7":{"name":"(anonymous_7)","decl":{"start":{"line":229,"column":23},"end":{"line":229,"column":28}},"loc":{"start":{"line":229,"column":32},"end":{"line":231,"column":null}}},"8":{"name":"(anonymous_8)","decl":{"start":{"line":238,"column":12},"end":{"line":238,"column":18}},"loc":{"start":{"line":238,"column":30},"end":{"line":288,"column":null}}},"9":{"name":"(anonymous_9)","decl":{"start":{"line":253,"column":22},"end":{"line":253,"column":30}},"loc":{"start":{"line":253,"column":33},"end":{"line":287,"column":null}}},"10":{"name":"(anonymous_10)","decl":{"start":{"line":292,"column":12},"end":{"line":292,"column":26}},"loc":{"start":{"line":292,"column":29},"end":{"line":299,"column":null}}},"11":{"name":"(anonymous_11)","decl":{"start":{"line":302,"column":12},"end":{"line":302,"column":23}},"loc":{"start":{"line":302,"column":38},"end":{"line":327,"column":null}}},"12":{"name":"(anonymous_12)","decl":{"start":{"line":329,"column":12},"end":{"line":329,"column":29}},"loc":{"start":{"line":329,"column":54},"end":{"line":409,"column":null}}},"13":{"name":"(anonymous_13)","decl":{"start":{"line":411,"column":12},"end":{"line":411,"column":33}},"loc":{"start":{"line":411,"column":63},"end":{"line":484,"column":null}}}},"branchMap":{"0":{"loc":{"start":{"line":210,"column":20},"end":{"line":227,"column":null}},"type":"if","locations":[{"start":{"line":210,"column":20},"end":{"line":227,"column":null}},{"start":{"line":210,"column":20},"end":{"line":227,"column":null}}]},"1":{"loc":{"start":{"line":269,"column":20},"end":{"line":281,"column":null}},"type":"if","locations":[{"start":{"line":269,"column":20},"end":{"line":281,"column":null}},{"start":{"line":269,"column":20},"end":{"line":281,"column":null}}]},"2":{"loc":{"start":{"line":296,"column":16},"end":{"line":298,"column":null}},"type":"if","locations":[{"start":{"line":296,"column":16},"end":{"line":298,"column":null}},{"start":{"line":296,"column":16},"end":{"line":298,"column":null}}]},"3":{"loc":{"start":{"line":342,"column":20},"end":{"line":344,"column":null}},"type":"if","locations":[{"start":{"line":342,"column":20},"end":{"line":344,"column":null}},{"start":{"line":342,"column":20},"end":{"line":344,"column":null}}]},"4":{"loc":{"start":{"line":345,"column":20},"end":{"line":347,"column":null}},"type":"if","locations":[{"start":{"line":345,"column":20},"end":{"line":347,"column":null}},{"start":{"line":345,"column":20},"end":{"line":347,"column":null}}]},"5":{"loc":{"start":{"line":476,"column":16},"end":{"line":479,"column":null}},"type":"if","locations":[{"start":{"line":476,"column":16},"end":{"line":479,"column":null}},{"start":{"line":476,"column":16},"end":{"line":479,"column":null}}]},"6":{"loc":{"start":{"line":480,"column":16},"end":{"line":483,"column":null}},"type":"if","locations":[{"start":{"line":480,"column":16},"end":{"line":483,"column":null}},{"start":{"line":480,"column":16},"end":{"line":483,"column":null}}]}},"s":{"0":1,"1":1,"2":1,"3":1,"4":1,"5":2,"6":2,"7":2,"8":2,"9":0,"10":0,"11":0,"12":0,"13":0,"14":0,"15":0,"16":0,"17":0,"18":0,"19":0,"20":0,"21":0,"22":0,"23":0,"24":0,"25":0,"26":0,"27":0,"28":0,"29":0,"30":0,"31":0,"32":0,"33":0,"34":0,"35":0,"36":0,"37":0,"38":0,"39":0,"40":0,"41":0,"42":0,"43":0,"44":0,"45":0,"46":0,"47":0,"48":0,"49":0,"50":0,"51":0,"52":0,"53":0,"54":0,"55":0,"56":0,"57":0,"58":0,"59":0,"60":0,"61":0,"62":0,"63":0,"64":0,"65":0,"66":0,"67":0,"68":0,"69":0,"70":0,"71":0,"72":0,"73":0,"74":0,"75":0,"76":0,"77":0,"78":0,"79":0,"80":0,"81":0,"82":0,"83":0,"84":0,"85":0,"86":0,"87":0,"88":0,"89":0,"90":0,"91":0,"92":0,"93":0},"f":{"0":2,"1":2,"2":2,"3":0,"4":0,"5":0,"6":0,"7":0,"8":0,"9":0,"10":0,"11":0,"12":0,"13":0},"b":{"0":[0,0],"1":[0,0],"2":[0,0],"3":[0,0],"4":[0,0],"5":[0,0],"6":[0,0]}}
,"/home/gryphon/Documents/sdp/ml-frontend/shell_vue/src/views/mlModels/LinearRegressionDatasets.vue": {"path":"/home/gryphon/Documents/sdp/ml-frontend/shell_vue/src/views/mlModels/LinearRegressionDatasets.vue","statementMap":{"0":{"start":{"line":332,"column":4},"end":{"line":332,"column":null}},"1":{"start":{"line":333,"column":4},"end":{"line":333,"column":null}},"2":{"start":{"line":334,"column":4},"end":{"line":334,"column":null}},"3":{"start":{"line":335,"column":19},"end":{"line":335,"column":null}},"4":{"start":{"line":338,"column":12},"end":{"line":338,"column":18}},"5":{"start":{"line":369,"column":12},"end":{"line":369,"column":17}},"6":{"start":{"line":373,"column":16},"end":{"line":373,"column":21}},"7":{"start":{"line":374,"column":16},"end":{"line":374,"column":21}},"8":{"start":{"line":375,"column":16},"end":{"line":375,"column":22}},"9":{"start":{"line":378,"column":24},"end":{"line":378,"column":29}},"10":{"start":{"line":379,"column":24},"end":{"line":379,"column":29}},"11":{"start":{"line":382,"column":24},"end":{"line":382,"column":31}},"12":{"start":{"line":384,"column":16},"end":{"line":384,"column":21}},"13":{"start":{"line":387,"column":16},"end":{"line":387,"column":21}},"14":{"start":{"line":388,"column":16},"end":{"line":388,"column":21}},"15":{"start":{"line":389,"column":26},"end":{"line":389,"column":27}},"16":{"start":{"line":390,"column":16},"end":{"line":390,"column":22}},"17":{"start":{"line":394,"column":20},"end":{"line":412,"column":null}},"18":{"start":{"line":395,"column":24},"end":{"line":395,"column":29}},"19":{"start":{"line":396,"column":24},"end":{"line":396,"column":31}},"20":{"start":{"line":399,"column":24},"end":{"line":399,"column":29}},"21":{"start":{"line":400,"column":49},"end":{"line":400,"column":null}},"22":{"start":{"line":401,"column":24},"end":{"line":411,"column":null}},"23":{"start":{"line":401,"column":34},"end":{"line":401,"column":36}},"24":{"start":{"line":407,"column":43},"end":{"line":407,"column":51}},"25":{"start":{"line":408,"column":28},"end":{"line":408,"column":36}},"26":{"start":{"line":410,"column":28},"end":{"line":410,"column":33}},"27":{"start":{"line":415,"column":20},"end":{"line":415,"column":27}},"28":{"start":{"line":417,"column":16},"end":{"line":417,"column":21}},"29":{"start":{"line":420,"column":16},"end":{"line":420,"column":21}},"30":{"start":{"line":421,"column":16},"end":{"line":421,"column":21}},"31":{"start":{"line":422,"column":27},"end":{"line":422,"column":35}},"32":{"start":{"line":425,"column":31},"end":{"line":425,"column":35}},"33":{"start":{"line":426,"column":16},"end":{"line":426,"column":24}},"34":{"start":{"line":427,"column":16},"end":{"line":427,"column":24}},"35":{"start":{"line":428,"column":16},"end":{"line":428,"column":22}},"36":{"start":{"line":431,"column":36},"end":{"line":431,"column":44}},"37":{"start":{"line":433,"column":24},"end":{"line":451,"column":null}},"38":{"start":{"line":434,"column":28},"end":{"line":434,"column":32}},"39":{"start":{"line":435,"column":28},"end":{"line":435,"column":33}},"40":{"start":{"line":436,"column":28},"end":{"line":436,"column":33}},"41":{"start":{"line":437,"column":28},"end":{"line":437,"column":33}},"42":{"start":{"line":438,"column":28},"end":{"line":438,"column":33}},"43":{"start":{"line":441,"column":28},"end":{"line":441,"column":33}},"44":{"start":{"line":442,"column":28},"end":{"line":442,"column":32}},"45":{"start":{"line":443,"column":28},"end":{"line":443,"column":34}},"46":{"start":{"line":453,"column":16},"end":{"line":453,"column":21}},"47":{"start":{"line":454,"column":16},"end":{"line":454,"column":21}},"48":{"start":{"line":458,"column":16},"end":{"line":458,"column":23}},"49":{"start":{"line":459,"column":16},"end":{"line":459,"column":21}},"50":{"start":{"line":460,"column":16},"end":{"line":460,"column":21}},"51":{"start":{"line":461,"column":31},"end":{"line":461,"column":39}},"52":{"start":{"line":462,"column":35},"end":{"line":462,"column":39}},"53":{"start":{"line":463,"column":16},"end":{"line":463,"column":28}},"54":{"start":{"line":464,"column":16},"end":{"line":464,"column":28}},"55":{"start":{"line":465,"column":16},"end":{"line":465,"column":28}},"56":{"start":{"line":466,"column":16},"end":{"line":466,"column":22}},"57":{"start":{"line":469,"column":36},"end":{"line":469,"column":44}},"58":{"start":{"line":472,"column":24},"end":{"line":499,"column":null}},"59":{"start":{"line":473,"column":28},"end":{"line":473,"column":32}},"60":{"start":{"line":474,"column":28},"end":{"line":474,"column":33}},"61":{"start":{"line":479,"column":28},"end":{"line":479,"column":34}},"62":{"start":{"line":489,"column":28},"end":{"line":489,"column":33}},"63":{"start":{"line":490,"column":28},"end":{"line":490,"column":32}},"64":{"start":{"line":491,"column":28},"end":{"line":491,"column":34}},"65":{"start":{"line":501,"column":20},"end":{"line":501,"column":25}},"66":{"start":{"line":502,"column":16},"end":{"line":502,"column":21}},"67":{"start":{"line":503,"column":16},"end":{"line":503,"column":21}},"68":{"start":{"line":507,"column":16},"end":{"line":507,"column":21}},"69":{"start":{"line":508,"column":16},"end":{"line":508,"column":21}},"70":{"start":{"line":509,"column":16},"end":{"line":509,"column":21}},"71":{"start":{"line":510,"column":24},"end":{"line":510,"column":25}},"72":{"start":{"line":511,"column":16},"end":{"line":511,"column":22}},"73":{"start":{"line":514,"column":45},"end":{"line":514,"column":null}},"74":{"start":{"line":515,"column":20},"end":{"line":520,"column":null}},"75":{"start":{"line":515,"column":30},"end":{"line":515,"column":32}},"76":{"start":{"line":516,"column":24},"end":{"line":519,"column":null}},"77":{"start":{"line":517,"column":28},"end":{"line":517,"column":33}},"78":{"start":{"line":518,"column":28},"end":{"line":518,"column":33}},"79":{"start":{"line":523,"column":20},"end":{"line":523,"column":27}},"80":{"start":{"line":525,"column":16},"end":{"line":525,"column":21}},"81":{"start":{"line":529,"column":16},"end":{"line":529,"column":21}},"82":{"start":{"line":530,"column":16},"end":{"line":530,"column":23}},"83":{"start":{"line":531,"column":16},"end":{"line":531,"column":23}},"84":{"start":{"line":532,"column":28},"end":{"line":532,"column":null}},"85":{"start":{"line":533,"column":29},"end":{"line":533,"column":30}},"86":{"start":{"line":534,"column":16},"end":{"line":534,"column":22}},"87":{"start":{"line":540,"column":20},"end":{"line":568,"column":null}},"88":{"start":{"line":541,"column":24},"end":{"line":541,"column":31}},"89":{"start":{"line":544,"column":43},"end":{"line":544,"column":null}},"90":{"start":{"line":545,"column":24},"end":{"line":545,"column":31}},"91":{"start":{"line":546,"column":40},"end":{"line":546,"column":46}},"92":{"start":{"line":547,"column":37},"end":{"line":547,"column":47}},"93":{"start":{"line":547,"column":59},"end":{"line":547,"column":65}},"94":{"start":{"line":548,"column":37},"end":{"line":548,"column":null}},"95":{"start":{"line":550,"column":38},"end":{"line":550,"column":42}},"96":{"start":{"line":552,"column":24},"end":{"line":567,"column":null}},"97":{"start":{"line":552,"column":51},"end":{"line":552,"column":null}},"98":{"start":{"line":553,"column":28},"end":{"line":553,"column":37}},"99":{"start":{"line":556,"column":41},"end":{"line":556,"column":49}},"100":{"start":{"line":558,"column":28},"end":{"line":566,"column":null}},"101":{"start":{"line":559,"column":44},"end":{"line":559,"column":47}},"102":{"start":{"line":560,"column":32},"end":{"line":560,"column":36}},"103":{"start":{"line":561,"column":32},"end":{"line":561,"column":36}},"104":{"start":{"line":562,"column":32},"end":{"line":562,"column":36}},"105":{"start":{"line":563,"column":32},"end":{"line":563,"column":40}},"106":{"start":{"line":564,"column":32},"end":{"line":564,"column":36}},"107":{"start":{"line":565,"column":32},"end":{"line":565,"column":40}},"108":{"start":{"line":570,"column":16},"end":{"line":570,"column":21}},"109":{"start":{"line":573,"column":16},"end":{"line":573,"column":21}},"110":{"start":{"line":574,"column":28},"end":{"line":574,"column":null}},"111":{"start":{"line":575,"column":29},"end":{"line":575,"column":30}},"112":{"start":{"line":576,"column":16},"end":{"line":576,"column":22}},"113":{"start":{"line":579,"column":20},"end":{"line":595,"column":null}},"114":{"start":{"line":580,"column":24},"end":{"line":580,"column":31}},"115":{"start":{"line":583,"column":24},"end":{"line":583,"column":29}},"116":{"start":{"line":584,"column":24},"end":{"line":584,"column":29}},"117":{"start":{"line":585,"column":42},"end":{"line":585,"column":null}},"118":{"start":{"line":586,"column":46},"end":{"line":586,"column":52}},"119":{"start":{"line":587,"column":24},"end":{"line":587,"column":31}},"120":{"start":{"line":588,"column":24},"end":{"line":590,"column":null}},"121":{"start":{"line":588,"column":34},"end":{"line":588,"column":36}},"122":{"start":{"line":589,"column":27},"end":{"line":589,"column":32}},"123":{"start":{"line":591,"column":24},"end":{"line":591,"column":31}},"124":{"start":{"line":592,"column":24},"end":{"line":592,"column":29}},"125":{"start":{"line":593,"column":24},"end":{"line":593,"column":31}},"126":{"start":{"line":594,"column":24},"end":{"line":594,"column":29}},"127":{"start":{"line":597,"column":16},"end":{"line":597,"column":21}},"128":{"start":{"line":600,"column":16},"end":{"line":600,"column":21}},"129":{"start":{"line":602,"column":16},"end":{"line":602,"column":21}},"130":{"start":{"line":603,"column":16},"end":{"line":603,"column":21}},"131":{"start":{"line":604,"column":16},"end":{"line":604,"column":21}},"132":{"start":{"line":605,"column":16},"end":{"line":605,"column":21}},"133":{"start":{"line":606,"column":16},"end":{"line":606,"column":21}},"134":{"start":{"line":612,"column":16},"end":{"line":652,"column":null}},"135":{"start":{"line":613,"column":20},"end":{"line":613,"column":25}},"136":{"start":{"line":614,"column":20},"end":{"line":614,"column":25}},"137":{"start":{"line":615,"column":36},"end":{"line":615,"column":44}},"138":{"start":{"line":616,"column":35},"end":{"line":616,"column":null}},"139":{"start":{"line":617,"column":47},"end":{"line":617,"column":48}},"140":{"start":{"line":618,"column":42},"end":{"line":618,"column":50}},"141":{"start":{"line":619,"column":20},"end":{"line":648,"column":null}},"142":{"start":{"line":620,"column":24},"end":{"line":620,"column":30}},"143":{"start":{"line":628,"column":24},"end":{"line":628,"column":33}},"144":{"start":{"line":629,"column":24},"end":{"line":629,"column":29}},"145":{"start":{"line":630,"column":24},"end":{"line":630,"column":29}},"146":{"start":{"line":631,"column":24},"end":{"line":631,"column":29}},"147":{"start":{"line":632,"column":20},"end":{"line":632,"column":27}},"148":{"start":{"line":635,"column":20},"end":{"line":635,"column":26}},"149":{"start":{"line":644,"column":20},"end":{"line":644,"column":25}},"150":{"start":{"line":645,"column":20},"end":{"line":645,"column":25}},"151":{"start":{"line":646,"column":20},"end":{"line":646,"column":25}},"152":{"start":{"line":647,"column":20},"end":{"line":647,"column":27}},"153":{"start":{"line":651,"column":20},"end":{"line":651,"column":25}},"154":{"start":{"line":657,"column":20},"end":{"line":657,"column":25}},"155":{"start":{"line":658,"column":20},"end":{"line":658,"column":27}},"156":{"start":{"line":659,"column":20},"end":{"line":659,"column":27}},"157":{"start":{"line":660,"column":32},"end":{"line":660,"column":null}},"158":{"start":{"line":661,"column":33},"end":{"line":661,"column":34}},"159":{"start":{"line":662,"column":20},"end":{"line":662,"column":26}},"160":{"start":{"line":666,"column":24},"end":{"line":700,"column":null}},"161":{"start":{"line":667,"column":28},"end":{"line":667,"column":32}},"162":{"start":{"line":669,"column":39},"end":{"line":669,"column":null}},"163":{"start":{"line":670,"column":28},"end":{"line":670,"column":33}},"164":{"start":{"line":674,"column":28},"end":{"line":674,"column":33}},"165":{"start":{"line":675,"column":28},"end":{"line":675,"column":34}},"166":{"start":{"line":684,"column":28},"end":{"line":684,"column":32}},"167":{"start":{"line":686,"column":39},"end":{"line":686,"column":null}},"168":{"start":{"line":687,"column":28},"end":{"line":687,"column":33}},"169":{"start":{"line":692,"column":28},"end":{"line":692,"column":34}},"170":{"start":{"line":732,"column":16},"end":{"line":732,"column":21}}},"fnMap":{"0":{"name":"(anonymous_0)","decl":{"start":{"line":337,"column":8},"end":{"line":337,"column":12}},"loc":{"start":{"line":337,"column":15},"end":{"line":364,"column":null}}},"1":{"name":"(anonymous_1)","decl":{"start":{"line":368,"column":8},"end":{"line":368,"column":15}},"loc":{"start":{"line":368,"column":17},"end":{"line":370,"column":null}}},"2":{"name":"(anonymous_2)","decl":{"start":{"line":372,"column":12},"end":{"line":372,"column":18}},"loc":{"start":{"line":372,"column":30},"end":{"line":385,"column":null}}},"3":{"name":"(anonymous_3)","decl":{"start":{"line":377,"column":26},"end":{"line":377,"column":34}},"loc":{"start":{"line":377,"column":38},"end":{"line":380,"column":null}}},"4":{"name":"(anonymous_4)","decl":{"start":{"line":381,"column":27},"end":{"line":381,"column":32}},"loc":{"start":{"line":381,"column":36},"end":{"line":383,"column":null}}},"5":{"name":"(anonymous_5)","decl":{"start":{"line":386,"column":12},"end":{"line":386,"column":18}},"loc":{"start":{"line":386,"column":35},"end":{"line":418,"column":null}}},"6":{"name":"(anonymous_6)","decl":{"start":{"line":392,"column":22},"end":{"line":392,"column":30}},"loc":{"start":{"line":392,"column":33},"end":{"line":413,"column":null}}},"7":{"name":"(anonymous_7)","decl":{"start":{"line":414,"column":23},"end":{"line":414,"column":28}},"loc":{"start":{"line":414,"column":32},"end":{"line":416,"column":null}}},"8":{"name":"(anonymous_8)","decl":{"start":{"line":419,"column":12},"end":{"line":419,"column":18}},"loc":{"start":{"line":419,"column":26},"end":{"line":455,"column":null}}},"9":{"name":"(anonymous_9)","decl":{"start":{"line":430,"column":26},"end":{"line":430,"column":34}},"loc":{"start":{"line":430,"column":38},"end":{"line":452,"column":null}}},"10":{"name":"(anonymous_10)","decl":{"start":{"line":457,"column":12},"end":{"line":457,"column":18}},"loc":{"start":{"line":457,"column":53},"end":{"line":504,"column":null}}},"11":{"name":"(anonymous_11)","decl":{"start":{"line":468,"column":26},"end":{"line":468,"column":34}},"loc":{"start":{"line":468,"column":38},"end":{"line":500,"column":null}}},"12":{"name":"(anonymous_12)","decl":{"start":{"line":506,"column":12},"end":{"line":506,"column":18}},"loc":{"start":{"line":506,"column":39},"end":{"line":526,"column":null}}},"13":{"name":"(anonymous_13)","decl":{"start":{"line":513,"column":22},"end":{"line":513,"column":30}},"loc":{"start":{"line":513,"column":33},"end":{"line":521,"column":null}}},"14":{"name":"(anonymous_14)","decl":{"start":{"line":522,"column":23},"end":{"line":522,"column":28}},"loc":{"start":{"line":522,"column":32},"end":{"line":524,"column":null}}},"15":{"name":"(anonymous_15)","decl":{"start":{"line":528,"column":12},"end":{"line":528,"column":18}},"loc":{"start":{"line":528,"column":42},"end":{"line":571,"column":null}}},"16":{"name":"(anonymous_16)","decl":{"start":{"line":539,"column":22},"end":{"line":539,"column":30}},"loc":{"start":{"line":539,"column":34},"end":{"line":569,"column":null}}},"17":{"name":"(anonymous_17)","decl":{"start":{"line":547,"column":53},"end":{"line":547,"column":59}},"loc":{"start":{"line":547,"column":59},"end":{"line":547,"column":65}}},"18":{"name":"(anonymous_18)","decl":{"start":{"line":572,"column":12},"end":{"line":572,"column":18}},"loc":{"start":{"line":572,"column":35},"end":{"line":598,"column":null}}},"19":{"name":"(anonymous_19)","decl":{"start":{"line":578,"column":22},"end":{"line":578,"column":30}},"loc":{"start":{"line":578,"column":34},"end":{"line":596,"column":null}}},"20":{"name":"(anonymous_20)","decl":{"start":{"line":599,"column":12},"end":{"line":599,"column":18}},"loc":{"start":{"line":599,"column":59},"end":{"line":607,"column":null}}},"21":{"name":"(anonymous_21)","decl":{"start":{"line":610,"column":12},"end":{"line":610,"column":18}},"loc":{"start":{"line":610,"column":43},"end":{"line":654,"column":null}}},"22":{"name":"(anonymous_22)","decl":{"start":{"line":656,"column":12},"end":{"line":656,"column":18}},"loc":{"start":{"line":656,"column":41},"end":{"line":733,"column":null}}},"23":{"name":"(anonymous_23)","decl":{"start":{"line":664,"column":26},"end":{"line":664,"column":34}},"loc":{"start":{"line":664,"column":38},"end":{"line":731,"column":null}}}},"branchMap":{"0":{"loc":{"start":{"line":394,"column":20},"end":{"line":412,"column":null}},"type":"if","locations":[{"start":{"line":394,"column":20},"end":{"line":412,"column":null}},{"start":{"line":394,"column":20},"end":{"line":412,"column":null}}]},"1":{"loc":{"start":{"line":433,"column":24},"end":{"line":451,"column":null}},"type":"if","locations":[{"start":{"line":433,"column":24},"end":{"line":451,"column":null}},{"start":{"line":433,"column":24},"end":{"line":451,"column":null}}]},"2":{"loc":{"start":{"line":472,"column":24},"end":{"line":499,"column":null}},"type":"if","locations":[{"start":{"line":472,"column":24},"end":{"line":499,"column":null}},{"start":{"line":472,"column":24},"end":{"line":499,"column":null}}]},"3":{"loc":{"start":{"line":516,"column":24},"end":{"line":519,"column":null}},"type":"if","locations":[{"start":{"line":516,"column":24},"end":{"line":519,"column":null}},{"start":{"line":516,"column":24},"end":{"line":519,"column":null}}]},"4":{"loc":{"start":{"line":540,"column":20},"end":{"line":568,"column":null}},"type":"if","locations":[{"start":{"line":540,"column":20},"end":{"line":568,"column":null}},{"start":{"line":540,"column":20},"end":{"line":568,"column":null}}]},"5":{"loc":{"start":{"line":552,"column":24},"end":{"line":567,"column":null}},"type":"if","locations":[{"start":{"line":552,"column":24},"end":{"line":567,"column":null}},{"start":{"line":552,"column":24},"end":{"line":567,"column":null}}]},"6":{"loc":{"start":{"line":558,"column":28},"end":{"line":566,"column":null}},"type":"if","locations":[{"start":{"line":558,"column":28},"end":{"line":566,"column":null}},{"start":{"line":558,"column":28},"end":{"line":566,"column":null}}]},"7":{"loc":{"start":{"line":579,"column":20},"end":{"line":595,"column":null}},"type":"if","locations":[{"start":{"line":579,"column":20},"end":{"line":595,"column":null}},{"start":{"line":579,"column":20},"end":{"line":595,"column":null}}]},"8":{"loc":{"start":{"line":619,"column":20},"end":{"line":648,"column":null}},"type":"if","locations":[{"start":{"line":619,"column":20},"end":{"line":648,"column":null}},{"start":{"line":619,"column":20},"end":{"line":648,"column":null}}]}},"s":{"0":1,"1":1,"2":1,"3":1,"4":2,"5":2,"6":2,"7":2,"8":2,"9":2,"10":2,"11":0,"12":2,"13":2,"14":2,"15":2,"16":2,"17":2,"18":0,"19":0,"20":2,"21":2,"22":2,"23":2,"24":4,"25":4,"26":4,"27":0,"28":2,"29":0,"30":0,"31":0,"32":0,"33":0,"34":0,"35":0,"36":0,"37":0,"38":0,"39":0,"40":0,"41":0,"42":0,"43":0,"44":0,"45":0,"46":0,"47":0,"48":0,"49":0,"50":0,"51":0,"52":0,"53":0,"54":0,"55":0,"56":0,"57":0,"58":0,"59":0,"60":0,"61":0,"62":0,"63":0,"64":0,"65":0,"66":0,"67":0,"68":0,"69":0,"70":0,"71":0,"72":0,"73":0,"74":0,"75":0,"76":0,"77":0,"78":0,"79":0,"80":0,"81":0,"82":0,"83":0,"84":0,"85":0,"86":0,"87":0,"88":0,"89":0,"90":0,"91":0,"92":0,"93":0,"94":0,"95":0,"96":0,"97":0,"98":0,"99":0,"100":0,"101":0,"102":0,"103":0,"104":0,"105":0,"106":0,"107":0,"108":0,"109":0,"110":0,"111":0,"112":0,"113":0,"114":0,"115":0,"116":0,"117":0,"118":0,"119":0,"120":0,"121":0,"122":0,"123":0,"124":0,"125":0,"126":0,"127":0,"128":0,"129":0,"130":0,"131":0,"132":0,"133":0,"134":0,"135":0,"136":0,"137":0,"138":0,"139":0,"140":0,"141":0,"142":0,"143":0,"144":0,"145":0,"146":0,"147":0,"148":0,"149":0,"150":0,"151":0,"152":0,"153":0,"154":0,"155":0,"156":0,"157":0,"158":0,"159":0,"160":0,"161":0,"162":0,"163":0,"164":0,"165":0,"166":0,"167":0,"168":0,"169":0,"170":0},"f":{"0":2,"1":2,"2":2,"3":2,"4":0,"5":2,"6":2,"7":0,"8":0,"9":0,"10":0,"11":0,"12":0,"13":0,"14":0,"15":0,"16":0,"17":0,"18":0,"19":0,"20":0,"21":0,"22":0,"23":0},"b":{"0":[0,2],"1":[0,0],"2":[0,0],"3":[0,0],"4":[0,0],"5":[0,0],"6":[0,0],"7":[0,0],"8":[0,0]}}
}
