TN:
SF:/home/gryphon/Documents/project/ml-frontend/shell_vue/src/assets/images/confused-icon-6-yellow.png
FNF:0
FNH:0
DA:1,1
LF:1
LH:1
BRF:0
BRH:0
end_of_record
TN:
SF:/home/gryphon/Documents/project/ml-frontend/shell_vue/src/components/HelloWorld.vue
FNF:0
FNH:0
DA:35,1
LF:1
LH:1
BRF:0
BRH:0
end_of_record
TN:
SF:/home/gryphon/Documents/project/ml-frontend/shell_vue/src/views/mlModels/LinearRegression.vue
FN:165,(anonymous_0)
FN:211,(anonymous_1)
FN:215,(anonymous_2)
FN:221,(anonymous_3)
FN:226,(anonymous_4)
FN:233,(anonymous_5)
FN:239,(anonymous_6)
FN:260,(anonymous_7)
FN:269,(anonymous_8)
FN:284,(anonymous_9)
FN:323,(anonymous_10)
FN:333,(anonymous_11)
FN:360,(anonymous_12)
FN:442,(anonymous_13)
FN:518,(anonymous_14)
FNF:15
FNH:3
FNDA:2,(anonymous_0)
FNDA:2,(anonymous_1)
FNDA:2,(anonymous_2)
FNDA:0,(anonymous_3)
FNDA:0,(anonymous_4)
FNDA:0,(anonymous_5)
FNDA:0,(anonymous_6)
FNDA:0,(anonymous_7)
FNDA:0,(anonymous_8)
FNDA:0,(anonymous_9)
FNDA:0,(anonymous_10)
FNDA:0,(anonymous_11)
FNDA:0,(anonymous_12)
FNDA:0,(anonymous_13)
FNDA:0,(anonymous_14)
DA:155,1
DA:156,1
DA:157,1
DA:158,1
DA:160,1
DA:166,2
DA:212,2
DA:216,2
DA:218,2
DA:222,0
DA:223,0
DA:227,0
DA:230,0
DA:234,0
DA:235,0
DA:236,0
DA:237,0
DA:240,0
DA:241,0
DA:242,0
DA:243,0
DA:247,0
DA:253,0
DA:254,0
DA:255,0
DA:257,0
DA:261,0
DA:263,0
DA:270,0
DA:272,0
DA:274,0
DA:275,0
DA:277,0
DA:278,0
DA:280,0
DA:281,0
DA:286,0
DA:287,0
DA:289,0
DA:291,0
DA:293,0
DA:294,0
DA:297,0
DA:300,0
DA:305,0
DA:306,0
DA:307,0
DA:309,0
DA:311,0
DA:314,0
DA:324,0
DA:325,0
DA:327,0
DA:328,0
DA:334,0
DA:337,0
DA:338,0
DA:339,0
DA:349,0
DA:354,0
DA:355,0
DA:356,0
DA:357,0
DA:362,0
DA:365,0
DA:366,0
DA:367,0
DA:368,0
DA:373,0
DA:374,0
DA:376,0
DA:377,0
DA:382,0
DA:398,0
DA:443,0
DA:444,0
DA:445,0
DA:446,0
DA:447,0
DA:452,0
DA:466,0
DA:507,0
DA:508,0
DA:509,0
DA:511,0
DA:512,0
DA:513,0
DA:520,0
DA:521,0
DA:523,0
DA:526,0
DA:527,0
DA:529,0
DA:533,0
DA:534,0
LF:95
LH:9
BRDA:240,0,0,0
BRDA:240,0,1,0
BRDA:300,1,0,0
BRDA:300,1,1,0
BRDA:327,2,0,0
BRDA:327,2,1,0
BRDA:373,3,0,0
BRDA:373,3,1,0
BRDA:376,4,0,0
BRDA:376,4,1,0
BRDA:507,5,0,0
BRDA:507,5,1,0
BRDA:511,6,0,0
BRDA:511,6,1,0
BRF:14
BRH:0
end_of_record
TN:
SF:/home/gryphon/Documents/project/ml-frontend/shell_vue/src/views/mlModels/LinearRegressionDatasets.vue
FN:337,(anonymous_0)
FN:368,(anonymous_1)
FN:372,(anonymous_2)
FN:377,(anonymous_3)
FN:381,(anonymous_4)
FN:386,(anonymous_5)
FN:392,(anonymous_6)
FN:414,(anonymous_7)
FN:419,(anonymous_8)
FN:430,(anonymous_9)
FN:457,(anonymous_10)
FN:468,(anonymous_11)
FN:506,(anonymous_12)
FN:513,(anonymous_13)
FN:522,(anonymous_14)
FN:528,(anonymous_15)
FN:539,(anonymous_16)
FN:547,(anonymous_17)
FN:572,(anonymous_18)
FN:578,(anonymous_19)
FN:599,(anonymous_20)
FN:610,(anonymous_21)
FN:656,(anonymous_22)
FN:664,(anonymous_23)
FNF:24
FNH:6
FNDA:2,(anonymous_0)
FNDA:2,(anonymous_1)
FNDA:2,(anonymous_2)
FNDA:2,(anonymous_3)
FNDA:0,(anonymous_4)
FNDA:2,(anonymous_5)
FNDA:2,(anonymous_6)
FNDA:0,(anonymous_7)
FNDA:0,(anonymous_8)
FNDA:0,(anonymous_9)
FNDA:0,(anonymous_10)
FNDA:0,(anonymous_11)
FNDA:0,(anonymous_12)
FNDA:0,(anonymous_13)
FNDA:0,(anonymous_14)
FNDA:0,(anonymous_15)
FNDA:0,(anonymous_16)
FNDA:0,(anonymous_17)
FNDA:0,(anonymous_18)
FNDA:0,(anonymous_19)
FNDA:0,(anonymous_20)
FNDA:0,(anonymous_21)
FNDA:0,(anonymous_22)
FNDA:0,(anonymous_23)
DA:332,1
DA:333,1
DA:334,1
DA:335,1
DA:338,2
DA:369,2
DA:373,2
DA:374,2
DA:375,2
DA:378,2
DA:379,2
DA:382,0
DA:384,2
DA:387,2
DA:388,2
DA:389,2
DA:390,2
DA:394,2
DA:395,0
DA:396,0
DA:399,2
DA:400,2
DA:401,2
DA:407,4
DA:408,4
DA:410,4
DA:415,0
DA:417,2
DA:420,0
DA:421,0
DA:422,0
DA:425,0
DA:426,0
DA:427,0
DA:428,0
DA:431,0
DA:433,0
DA:434,0
DA:435,0
DA:436,0
DA:437,0
DA:438,0
DA:441,0
DA:442,0
DA:443,0
DA:453,0
DA:454,0
DA:458,0
DA:459,0
DA:460,0
DA:461,0
DA:462,0
DA:463,0
DA:464,0
DA:465,0
DA:466,0
DA:469,0
DA:472,0
DA:473,0
DA:474,0
DA:479,0
DA:489,0
DA:490,0
DA:491,0
DA:501,0
DA:502,0
DA:503,0
DA:507,0
DA:508,0
DA:509,0
DA:510,0
DA:511,0
DA:514,0
DA:515,0
DA:516,0
DA:517,0
DA:518,0
DA:523,0
DA:525,0
DA:529,0
DA:530,0
DA:531,0
DA:532,0
DA:533,0
DA:534,0
DA:540,0
DA:541,0
DA:544,0
DA:545,0
DA:546,0
DA:547,0
DA:548,0
DA:550,0
DA:552,0
DA:553,0
DA:556,0
DA:558,0
DA:559,0
DA:560,0
DA:561,0
DA:562,0
DA:563,0
DA:564,0
DA:565,0
DA:570,0
DA:573,0
DA:574,0
DA:575,0
DA:576,0
DA:579,0
DA:580,0
DA:583,0
DA:584,0
DA:585,0
DA:586,0
DA:587,0
DA:588,0
DA:589,0
DA:591,0
DA:592,0
DA:593,0
DA:594,0
DA:597,0
DA:600,0
DA:602,0
DA:603,0
DA:604,0
DA:605,0
DA:606,0
DA:612,0
DA:613,0
DA:614,0
DA:615,0
DA:616,0
DA:617,0
DA:618,0
DA:619,0
DA:620,0
DA:628,0
DA:629,0
DA:630,0
DA:631,0
DA:632,0
DA:635,0
DA:644,0
DA:645,0
DA:646,0
DA:647,0
DA:651,0
DA:657,0
DA:658,0
DA:659,0
DA:660,0
DA:661,0
DA:662,0
DA:666,0
DA:667,0
DA:669,0
DA:670,0
DA:674,0
DA:675,0
DA:684,0
DA:686,0
DA:687,0
DA:692,0
DA:732,0
LF:166
LH:24
BRDA:394,0,0,0
BRDA:394,0,1,2
BRDA:433,1,0,0
BRDA:433,1,1,0
BRDA:472,2,0,0
BRDA:472,2,1,0
BRDA:516,3,0,0
BRDA:516,3,1,0
BRDA:540,4,0,0
BRDA:540,4,1,0
BRDA:552,5,0,0
BRDA:552,5,1,0
BRDA:558,6,0,0
BRDA:558,6,1,0
BRDA:579,7,0,0
BRDA:579,7,1,0
BRDA:619,8,0,0
BRDA:619,8,1,0
BRF:18
BRH:1
end_of_record
TN:
SF:/home/gryphon/Documents/project/ml-frontend/shell_vue/src/views/mlModels/LinearRegressionTest.vue
FN:166,(anonymous_0)
FN:212,(anonymous_1)
FN:216,(anonymous_2)
FN:222,(anonymous_3)
FN:227,(anonymous_4)
FN:235,(anonymous_5)
FN:241,(anonymous_6)
FN:269,(anonymous_7)
FN:276,(anonymous_8)
FN:293,(anonymous_9)
FN:331,(anonymous_10)
FN:337,(anonymous_11)
FN:358,(anonymous_12)
FN:366,(anonymous_13)
FN:376,(anonymous_14)
FN:403,(anonymous_15)
FN:485,(anonymous_16)
FN:561,(anonymous_17)
FN:581,(anonymous_18)
FNF:19
FNH:3
FNDA:5,(anonymous_0)
FNDA:5,(anonymous_1)
FNDA:5,(anonymous_2)
FNDA:0,(anonymous_3)
FNDA:0,(anonymous_4)
FNDA:0,(anonymous_5)
FNDA:0,(anonymous_6)
FNDA:0,(anonymous_7)
FNDA:0,(anonymous_8)
FNDA:0,(anonymous_9)
FNDA:0,(anonymous_10)
FNDA:0,(anonymous_11)
FNDA:0,(anonymous_12)
FNDA:0,(anonymous_13)
FNDA:0,(anonymous_14)
FNDA:0,(anonymous_15)
FNDA:0,(anonymous_16)
FNDA:0,(anonymous_17)
FNDA:0,(anonymous_18)
DA:156,1
DA:157,1
DA:158,1
DA:159,1
DA:161,1
DA:167,5
DA:213,5
DA:217,5
DA:219,5
DA:223,0
DA:224,0
DA:228,0
DA:231,0
DA:236,0
DA:237,0
DA:239,0
DA:242,0
DA:243,0
DA:246,0
DA:263,0
DA:264,0
DA:265,0
DA:270,0
DA:277,0
DA:279,0
DA:285,0
DA:286,0
DA:287,0
DA:289,0
DA:290,0
DA:295,0
DA:296,0
DA:298,0
DA:300,0
DA:302,0
DA:303,0
DA:306,0
DA:309,0
DA:314,0
DA:315,0
DA:316,0
DA:318,0
DA:320,0
DA:323,0
DA:332,0
DA:333,0
DA:334,0
DA:335,0
DA:338,0
DA:339,0
DA:340,0
DA:341,0
DA:345,0
DA:351,0
DA:352,0
DA:353,0
DA:355,0
DA:359,0
DA:361,0
DA:367,0
DA:368,0
DA:370,0
DA:371,0
DA:377,0
DA:380,0
DA:381,0
DA:382,0
DA:386,0
DA:387,0
DA:388,0
DA:392,0
DA:393,0
DA:397,0
DA:398,0
DA:399,0
DA:400,0
DA:405,0
DA:408,0
DA:409,0
DA:410,0
DA:411,0
DA:416,0
DA:417,0
DA:419,0
DA:420,0
DA:425,0
DA:441,0
DA:486,0
DA:487,0
DA:488,0
DA:489,0
DA:490,0
DA:495,0
DA:509,0
DA:550,0
DA:551,0
DA:552,0
DA:554,0
DA:555,0
DA:556,0
DA:563,0
DA:564,0
DA:566,0
DA:569,0
DA:570,0
DA:572,0
DA:576,0
DA:577,0
DA:578,0
DA:582,0
DA:583,0
DA:584,0
DA:585,0
DA:586,0
DA:587,0
DA:588,0
DA:589,0
DA:590,0
LF:118
LH:9
BRDA:242,0,0,0
BRDA:242,0,1,0
BRDA:309,1,0,0
BRDA:309,1,1,0
BRDA:338,2,0,0
BRDA:338,2,1,0
BRDA:370,3,0,0
BRDA:370,3,1,0
BRDA:416,4,0,0
BRDA:416,4,1,0
BRDA:419,5,0,0
BRDA:419,5,1,0
BRDA:550,6,0,0
BRDA:550,6,1,0
BRDA:554,7,0,0
BRDA:554,7,1,0
BRF:16
BRH:0
end_of_record
