TN:
SF:/home/gryphon/Documents/project/ml-frontend/shell_vue/src/assets/images/confused-icon-6-yellow.png
FNF:0
FNH:0
DA:1,1
LF:1
LH:1
BRF:0
BRH:0
end_of_record
TN:
SF:/home/gryphon/Documents/project/ml-frontend/shell_vue/src/components/HelloWorld.vue
FNF:0
FNH:0
DA:35,1
LF:1
LH:1
BRF:0
BRH:0
end_of_record
TN:
SF:/home/gryphon/Documents/project/ml-frontend/shell_vue/src/views/mlModels/LinearRegression.vue
FN:166,(anonymous_0)
FN:212,(anonymous_1)
FN:216,(anonymous_2)
FN:222,(anonymous_3)
FN:227,(anonymous_4)
FN:234,(anonymous_5)
FN:240,(anonymous_6)
FN:261,(anonymous_7)
FN:270,(anonymous_8)
FN:285,(anonymous_9)
FN:324,(anonymous_10)
FN:334,(anonymous_11)
FN:361,(anonymous_12)
FN:443,(anonymous_13)
FN:519,(anonymous_14)
FNF:15
FNH:3
FNDA:2,(anonymous_0)
FNDA:2,(anonymous_1)
FNDA:2,(anonymous_2)
FNDA:0,(anonymous_3)
FNDA:0,(anonymous_4)
FNDA:0,(anonymous_5)
FNDA:0,(anonymous_6)
FNDA:0,(anonymous_7)
FNDA:0,(anonymous_8)
FNDA:0,(anonymous_9)
FNDA:0,(anonymous_10)
FNDA:0,(anonymous_11)
FNDA:0,(anonymous_12)
FNDA:0,(anonymous_13)
FNDA:0,(anonymous_14)
DA:156,1
DA:157,1
DA:158,1
DA:159,1
DA:161,1
DA:167,2
DA:213,2
DA:217,2
DA:219,2
DA:223,0
DA:224,0
DA:228,0
DA:231,0
DA:235,0
DA:236,0
DA:237,0
DA:238,0
DA:241,0
DA:242,0
DA:243,0
DA:244,0
DA:248,0
DA:254,0
DA:255,0
DA:256,0
DA:258,0
DA:262,0
DA:264,0
DA:271,0
DA:273,0
DA:275,0
DA:276,0
DA:278,0
DA:279,0
DA:281,0
DA:282,0
DA:287,0
DA:288,0
DA:290,0
DA:292,0
DA:294,0
DA:295,0
DA:298,0
DA:301,0
DA:306,0
DA:307,0
DA:308,0
DA:310,0
DA:312,0
DA:315,0
DA:325,0
DA:326,0
DA:328,0
DA:329,0
DA:335,0
DA:338,0
DA:339,0
DA:340,0
DA:350,0
DA:356,0
DA:357,0
DA:358,0
DA:363,0
DA:366,0
DA:367,0
DA:368,0
DA:369,0
DA:374,0
DA:375,0
DA:377,0
DA:378,0
DA:383,0
DA:399,0
DA:444,0
DA:445,0
DA:446,0
DA:447,0
DA:448,0
DA:453,0
DA:467,0
DA:508,0
DA:509,0
DA:510,0
DA:512,0
DA:513,0
DA:514,0
DA:521,0
DA:522,0
DA:524,0
DA:527,0
DA:528,0
DA:530,0
DA:534,0
DA:535,0
LF:94
LH:9
BRDA:241,0,0,0
BRDA:241,0,1,0
BRDA:301,1,0,0
BRDA:301,1,1,0
BRDA:328,2,0,0
BRDA:328,2,1,0
BRDA:374,3,0,0
BRDA:374,3,1,0
BRDA:377,4,0,0
BRDA:377,4,1,0
BRDA:508,5,0,0
BRDA:508,5,1,0
BRDA:512,6,0,0
BRDA:512,6,1,0
BRF:14
BRH:0
end_of_record
TN:
SF:/home/gryphon/Documents/project/ml-frontend/shell_vue/src/views/mlModels/LinearRegressionDatasets.vue
FN:337,(anonymous_0)
FN:368,(anonymous_1)
FN:372,(anonymous_2)
FN:377,(anonymous_3)
FN:381,(anonymous_4)
FN:386,(anonymous_5)
FN:392,(anonymous_6)
FN:414,(anonymous_7)
FN:419,(anonymous_8)
FN:430,(anonymous_9)
FN:457,(anonymous_10)
FN:468,(anonymous_11)
FN:506,(anonymous_12)
FN:513,(anonymous_13)
FN:522,(anonymous_14)
FN:528,(anonymous_15)
FN:539,(anonymous_16)
FN:547,(anonymous_17)
FN:572,(anonymous_18)
FN:578,(anonymous_19)
FN:599,(anonymous_20)
FN:610,(anonymous_21)
FN:656,(anonymous_22)
FN:664,(anonymous_23)
FNF:24
FNH:6
FNDA:2,(anonymous_0)
FNDA:2,(anonymous_1)
FNDA:2,(anonymous_2)
FNDA:2,(anonymous_3)
FNDA:0,(anonymous_4)
FNDA:2,(anonymous_5)
FNDA:2,(anonymous_6)
FNDA:0,(anonymous_7)
FNDA:0,(anonymous_8)
FNDA:0,(anonymous_9)
FNDA:0,(anonymous_10)
FNDA:0,(anonymous_11)
FNDA:0,(anonymous_12)
FNDA:0,(anonymous_13)
FNDA:0,(anonymous_14)
FNDA:0,(anonymous_15)
FNDA:0,(anonymous_16)
FNDA:0,(anonymous_17)
FNDA:0,(anonymous_18)
FNDA:0,(anonymous_19)
FNDA:0,(anonymous_20)
FNDA:0,(anonymous_21)
FNDA:0,(anonymous_22)
FNDA:0,(anonymous_23)
DA:332,1
DA:333,1
DA:334,1
DA:335,1
DA:338,2
DA:369,2
DA:373,2
DA:374,2
DA:375,2
DA:378,2
DA:379,2
DA:382,0
DA:384,2
DA:387,2
DA:388,2
DA:389,2
DA:390,2
DA:394,2
DA:395,0
DA:396,0
DA:399,2
DA:400,2
DA:401,2
DA:407,4
DA:408,4
DA:410,4
DA:415,0
DA:417,2
DA:420,0
DA:421,0
DA:422,0
DA:425,0
DA:426,0
DA:427,0
DA:428,0
DA:431,0
DA:433,0
DA:434,0
DA:435,0
DA:436,0
DA:437,0
DA:438,0
DA:441,0
DA:442,0
DA:443,0
DA:453,0
DA:454,0
DA:458,0
DA:459,0
DA:460,0
DA:461,0
DA:462,0
DA:463,0
DA:464,0
DA:465,0
DA:466,0
DA:469,0
DA:472,0
DA:473,0
DA:474,0
DA:479,0
DA:489,0
DA:490,0
DA:491,0
DA:501,0
DA:502,0
DA:503,0
DA:507,0
DA:508,0
DA:509,0
DA:510,0
DA:511,0
DA:514,0
DA:515,0
DA:516,0
DA:517,0
DA:518,0
DA:523,0
DA:525,0
DA:529,0
DA:530,0
DA:531,0
DA:532,0
DA:533,0
DA:534,0
DA:540,0
DA:541,0
DA:544,0
DA:545,0
DA:546,0
DA:547,0
DA:548,0
DA:550,0
DA:552,0
DA:553,0
DA:556,0
DA:558,0
DA:559,0
DA:560,0
DA:561,0
DA:562,0
DA:563,0
DA:564,0
DA:565,0
DA:570,0
DA:573,0
DA:574,0
DA:575,0
DA:576,0
DA:579,0
DA:580,0
DA:583,0
DA:584,0
DA:585,0
DA:586,0
DA:587,0
DA:588,0
DA:589,0
DA:591,0
DA:592,0
DA:593,0
DA:594,0
DA:597,0
DA:600,0
DA:602,0
DA:603,0
DA:604,0
DA:605,0
DA:606,0
DA:612,0
DA:613,0
DA:614,0
DA:615,0
DA:616,0
DA:617,0
DA:618,0
DA:619,0
DA:620,0
DA:628,0
DA:629,0
DA:630,0
DA:631,0
DA:632,0
DA:635,0
DA:644,0
DA:645,0
DA:646,0
DA:647,0
DA:651,0
DA:657,0
DA:658,0
DA:659,0
DA:660,0
DA:661,0
DA:662,0
DA:666,0
DA:667,0
DA:669,0
DA:670,0
DA:674,0
DA:675,0
DA:684,0
DA:686,0
DA:687,0
DA:692,0
DA:732,0
LF:166
LH:24
BRDA:394,0,0,0
BRDA:394,0,1,2
BRDA:433,1,0,0
BRDA:433,1,1,0
BRDA:472,2,0,0
BRDA:472,2,1,0
BRDA:516,3,0,0
BRDA:516,3,1,0
BRDA:540,4,0,0
BRDA:540,4,1,0
BRDA:552,5,0,0
BRDA:552,5,1,0
BRDA:558,6,0,0
BRDA:558,6,1,0
BRDA:579,7,0,0
BRDA:579,7,1,0
BRDA:619,8,0,0
BRDA:619,8,1,0
BRF:18
BRH:1
end_of_record
TN:
SF:/home/gryphon/Documents/project/ml-frontend/shell_vue/src/views/mlModels/LinearRegressionTest.vue
FN:135,(anonymous_0)
FN:182,(anonymous_1)
FN:186,(anonymous_2)
FN:192,(anonymous_3)
FN:197,(anonymous_4)
FN:205,(anonymous_5)
FN:211,(anonymous_6)
FN:239,(anonymous_7)
FN:246,(anonymous_8)
FN:263,(anonymous_9)
FN:301,(anonymous_10)
FN:307,(anonymous_11)
FN:328,(anonymous_12)
FN:336,(anonymous_13)
FN:347,(anonymous_14)
FN:374,(anonymous_15)
FN:459,(anonymous_16)
FN:535,(anonymous_17)
FNF:18
FNH:3
FNDA:3,(anonymous_0)
FNDA:3,(anonymous_1)
FNDA:3,(anonymous_2)
FNDA:0,(anonymous_3)
FNDA:0,(anonymous_4)
FNDA:0,(anonymous_5)
FNDA:0,(anonymous_6)
FNDA:0,(anonymous_7)
FNDA:0,(anonymous_8)
FNDA:0,(anonymous_9)
FNDA:0,(anonymous_10)
FNDA:0,(anonymous_11)
FNDA:0,(anonymous_12)
FNDA:0,(anonymous_13)
FNDA:0,(anonymous_14)
FNDA:0,(anonymous_15)
FNDA:0,(anonymous_16)
FNDA:0,(anonymous_17)
DA:125,1
DA:126,1
DA:127,1
DA:128,1
DA:130,1
DA:136,3
DA:183,3
DA:187,3
DA:189,3
DA:193,0
DA:194,0
DA:198,0
DA:201,0
DA:206,0
DA:207,0
DA:209,0
DA:212,0
DA:213,0
DA:216,0
DA:233,0
DA:234,0
DA:235,0
DA:240,0
DA:247,0
DA:249,0
DA:255,0
DA:256,0
DA:257,0
DA:259,0
DA:260,0
DA:265,0
DA:266,0
DA:268,0
DA:270,0
DA:272,0
DA:273,0
DA:276,0
DA:279,0
DA:284,0
DA:285,0
DA:286,0
DA:288,0
DA:290,0
DA:293,0
DA:302,0
DA:303,0
DA:304,0
DA:305,0
DA:308,0
DA:309,0
DA:310,0
DA:311,0
DA:315,0
DA:321,0
DA:322,0
DA:323,0
DA:325,0
DA:329,0
DA:331,0
DA:337,0
DA:338,0
DA:340,0
DA:341,0
DA:348,0
DA:351,0
DA:352,0
DA:353,0
DA:357,0
DA:358,0
DA:359,0
DA:363,0
DA:364,0
DA:368,0
DA:369,0
DA:370,0
DA:371,0
DA:376,0
DA:379,0
DA:380,0
DA:381,0
DA:382,0
DA:387,0
DA:388,0
DA:390,0
DA:391,0
DA:396,0
DA:411,0
DA:414,0
DA:455,0
DA:460,0
DA:461,0
DA:462,0
DA:463,0
DA:464,0
DA:469,0
DA:483,0
DA:524,0
DA:525,0
DA:526,0
DA:528,0
DA:529,0
DA:530,0
DA:537,0
DA:538,0
DA:540,0
DA:543,0
DA:544,0
DA:546,0
DA:550,0
DA:551,0
LF:110
LH:9
BRDA:212,0,0,0
BRDA:212,0,1,0
BRDA:279,1,0,0
BRDA:279,1,1,0
BRDA:308,2,0,0
BRDA:308,2,1,0
BRDA:340,3,0,0
BRDA:340,3,1,0
BRDA:387,4,0,0
BRDA:387,4,1,0
BRDA:390,5,0,0
BRDA:390,5,1,0
BRDA:524,6,0,0
BRDA:524,6,1,0
BRDA:528,7,0,0
BRDA:528,7,1,0
BRF:16
BRH:0
end_of_record
